2016-01-16 16:01:34 Notice: Notice (8): Undefined index: id in [D:\Develop\web\game-wizard\src\Controller\AppController.php, line 120]
Trace:
Cake\Error\BaseErrorHandler::handleError() - CORE\src\Error\BaseErrorHandler.php, line 140
App\Controller\AppController::translateUrl() - APP/Controller\AppController.php, line 120
App\Controller\AppController::beforeFilter() - APP/Controller\AppController.php, line 77
Cake\Event\EventManager::_callListener() - CORE\src\Event\EventManager.php, line 385
Cake\Event\EventManager::dispatch() - CORE\src\Event\EventManager.php, line 355
Cake\Controller\Controller::dispatchEvent() - CORE\src\Event\EventDispatcherTrait.php, line 78
Cake\Controller\Controller::startupProcess() - CORE\src\Controller\Controller.php, line 491
Cake\Routing\Dispatcher::_invoke() - CORE\src\Routing\Dispatcher.php, line 109
Cake\Routing\Dispatcher::dispatch() - CORE\src\Routing\Dispatcher.php, line 87
[main] - ROOT\webroot\index.php, line 37



2016-01-19 20:23:37 Notice: Notice (8): Undefined property: Cake\ORM\Query::$FamilyID in [D:\Develop\web\game-wizard\src\Controller\FamilyController.php, line 194]
Trace:
Cake\Error\BaseErrorHandler::handleError() - CORE\src\Error\BaseErrorHandler.php, line 140
App\Controller\FamilyController::addFamilyMember() - APP/Controller\FamilyController.php, line 194
Cake\Controller\Controller::invokeAction() - CORE\src\Controller\Controller.php, line 429
Cake\Routing\Dispatcher::_invoke() - CORE\src\Routing\Dispatcher.php, line 114
Cake\Routing\Dispatcher::dispatch() - CORE\src\Routing\Dispatcher.php, line 87
[main] - ROOT\webroot\index.php, line 37



2016-01-19 20:23:51 Notice: Notice (8): Undefined property: Cake\ORM\Query::$FamilyID in [D:\Develop\web\game-wizard\src\Controller\FamilyController.php, line 194]
Trace:
Cake\Error\BaseErrorHandler::handleError() - CORE\src\Error\BaseErrorHandler.php, line 140
App\Controller\FamilyController::addFamilyMember() - APP/Controller\FamilyController.php, line 194
Cake\Controller\Controller::invokeAction() - CORE\src\Controller\Controller.php, line 429
Cake\Routing\Dispatcher::_invoke() - CORE\src\Routing\Dispatcher.php, line 114
Cake\Routing\Dispatcher::dispatch() - CORE\src\Routing\Dispatcher.php, line 87
[main] - ROOT\webroot\index.php, line 37



2016-01-19 20:24:17 Notice: Notice (8): Undefined property: Cake\ORM\Query::$FamilyID in [D:\Develop\web\game-wizard\src\Controller\FamilyController.php, line 194]
Trace:
Cake\Error\BaseErrorHandler::handleError() - CORE\src\Error\BaseErrorHandler.php, line 140
App\Controller\FamilyController::addFamilyMember() - APP/Controller\FamilyController.php, line 194
Cake\Controller\Controller::invokeAction() - CORE\src\Controller\Controller.php, line 429
Cake\Routing\Dispatcher::_invoke() - CORE\src\Routing\Dispatcher.php, line 114
Cake\Routing\Dispatcher::dispatch() - CORE\src\Routing\Dispatcher.php, line 87
[main] - ROOT\webroot\index.php, line 37



2016-01-19 20:27:38 Notice: Notice (8): Undefined property: Cake\ORM\Query::$FamilyID in [D:\Develop\web\game-wizard\src\Controller\FamilyController.php, line 194]
Trace:
Cake\Error\BaseErrorHandler::handleError() - CORE\src\Error\BaseErrorHandler.php, line 140
App\Controller\FamilyController::addFamilyMember() - APP/Controller\FamilyController.php, line 194
Cake\Controller\Controller::invokeAction() - CORE\src\Controller\Controller.php, line 429
Cake\Routing\Dispatcher::_invoke() - CORE\src\Routing\Dispatcher.php, line 114
Cake\Routing\Dispatcher::dispatch() - CORE\src\Routing\Dispatcher.php, line 87
[main] - ROOT\webroot\index.php, line 37



2016-01-19 20:27:50 Notice: Notice (8): Undefined property: Cake\ORM\Query::$FamilyID in [D:\Develop\web\game-wizard\src\Controller\FamilyController.php, line 194]
Trace:
Cake\Error\BaseErrorHandler::handleError() - CORE\src\Error\BaseErrorHandler.php, line 140
App\Controller\FamilyController::addFamilyMember() - APP/Controller\FamilyController.php, line 194
Cake\Controller\Controller::invokeAction() - CORE\src\Controller\Controller.php, line 429
Cake\Routing\Dispatcher::_invoke() - CORE\src\Routing\Dispatcher.php, line 114
Cake\Routing\Dispatcher::dispatch() - CORE\src\Routing\Dispatcher.php, line 87
[main] - ROOT\webroot\index.php, line 37



2016-01-19 20:58:13 Notice: Notice (8): Undefined variable: id in [D:\Develop\web\game-wizard\src\Template\Guild\related_guild_roledata.ctp, line 2]
Trace:
Cake\Error\BaseErrorHandler::handleError() - CORE\src\Error\BaseErrorHandler.php, line 140
include - APP/Template\Guild\related_guild_roledata.ctp, line 2
Cake\View\View::_evaluate() - CORE\src\View\View.php, line 992
Cake\View\View::_render() - CORE\src\View\View.php, line 952
Cake\View\View::render() - CORE\src\View\View.php, line 587
Cake\Controller\Controller::render() - CORE\src\Controller\Controller.php, line 611
Cake\Routing\Dispatcher::_invoke() - CORE\src\Routing\Dispatcher.php, line 120
Cake\Routing\Dispatcher::dispatch() - CORE\src\Routing\Dispatcher.php, line 87
[main] - ROOT\webroot\index.php, line 37



2016-01-19 20:58:13 Notice: Notice (8): Undefined variable: roledataList in [D:\Develop\web\game-wizard\src\Template\Guild\related_guild_roledata.ctp, line 19]
Trace:
Cake\Error\BaseErrorHandler::handleError() - CORE\src\Error\BaseErrorHandler.php, line 140
include - APP/Template\Guild\related_guild_roledata.ctp, line 19
Cake\View\View::_evaluate() - CORE\src\View\View.php, line 992
Cake\View\View::_render() - CORE\src\View\View.php, line 952
Cake\View\View::render() - CORE\src\View\View.php, line 587
Cake\Controller\Controller::render() - CORE\src\Controller\Controller.php, line 611
Cake\Routing\Dispatcher::_invoke() - CORE\src\Routing\Dispatcher.php, line 120
Cake\Routing\Dispatcher::dispatch() - CORE\src\Routing\Dispatcher.php, line 87
[main] - ROOT\webroot\index.php, line 37



2016-01-19 20:58:42 Notice: Notice (8): Undefined variable: roledataList in [D:\Develop\web\game-wizard\src\Template\Guild\related_guild_roledata.ctp, line 19]
Trace:
Cake\Error\BaseErrorHandler::handleError() - CORE\src\Error\BaseErrorHandler.php, line 140
include - APP/Template\Guild\related_guild_roledata.ctp, line 19
Cake\View\View::_evaluate() - CORE\src\View\View.php, line 992
Cake\View\View::_render() - CORE\src\View\View.php, line 952
Cake\View\View::render() - CORE\src\View\View.php, line 587
Cake\Controller\Controller::render() - CORE\src\Controller\Controller.php, line 611
Cake\Routing\Dispatcher::_invoke() - CORE\src\Routing\Dispatcher.php, line 120
Cake\Routing\Dispatcher::dispatch() - CORE\src\Routing\Dispatcher.php, line 87
[main] - ROOT\webroot\index.php, line 37



2016-01-23 14:04:26 Notice: Notice (8): Undefined variable: consroller in [D:\Develop\web\game-wizard\src\Template\Guild\members.ctp, line 9]
Trace:
Cake\Error\BaseErrorHandler::handleError() - CORE\src\Error\BaseErrorHandler.php, line 140
include - APP/Template\Guild\members.ctp, line 9
Cake\View\View::_evaluate() - CORE\src\View\View.php, line 992
Cake\View\View::_render() - CORE\src\View\View.php, line 952
Cake\View\View::render() - CORE\src\View\View.php, line 587
Cake\Controller\Controller::render() - CORE\src\Controller\Controller.php, line 611
Cake\Routing\Dispatcher::_invoke() - CORE\src\Routing\Dispatcher.php, line 120
Cake\Routing\Dispatcher::dispatch() - CORE\src\Routing\Dispatcher.php, line 87
[main] - ROOT\webroot\index.php, line 37



2016-01-23 14:04:26 Notice: Notice (8): Undefined variable: familyName in [D:\Develop\web\game-wizard\src\Template\Element\Family\member_add_dialog.ctp, line 6]
Trace:
Cake\Error\BaseErrorHandler::handleError() - CORE\src\Error\BaseErrorHandler.php, line 140
include - APP/Template\Element\Family\member_add_dialog.ctp, line 6
Cake\View\View::_evaluate() - CORE\src\View\View.php, line 992
Cake\View\View::_render() - CORE\src\View\View.php, line 952
Cake\View\View::_renderElement() - CORE\src\View\View.php, line 1329
Cake\View\View::element() - CORE\src\View\View.php, line 493
include - APP/Template\Guild\members.ctp, line 61
Cake\View\View::_evaluate() - CORE\src\View\View.php, line 992
Cake\View\View::_render() - CORE\src\View\View.php, line 952
Cake\View\View::render() - CORE\src\View\View.php, line 587
Cake\Controller\Controller::render() - CORE\src\Controller\Controller.php, line 611
Cake\Routing\Dispatcher::_invoke() - CORE\src\Routing\Dispatcher.php, line 120
Cake\Routing\Dispatcher::dispatch() - CORE\src\Routing\Dispatcher.php, line 87
[main] - ROOT\webroot\index.php, line 37



2016-01-23 14:04:26 Notice: Notice (8): Undefined variable: familyID in [D:\Develop\web\game-wizard\src\Template\Element\Family\member_add_dialog.ctp, line 9]
Trace:
Cake\Error\BaseErrorHandler::handleError() - CORE\src\Error\BaseErrorHandler.php, line 140
include - APP/Template\Element\Family\member_add_dialog.ctp, line 9
Cake\View\View::_evaluate() - CORE\src\View\View.php, line 992
Cake\View\View::_render() - CORE\src\View\View.php, line 952
Cake\View\View::_renderElement() - CORE\src\View\View.php, line 1329
Cake\View\View::element() - CORE\src\View\View.php, line 493
include - APP/Template\Guild\members.ctp, line 61
Cake\View\View::_evaluate() - CORE\src\View\View.php, line 992
Cake\View\View::_render() - CORE\src\View\View.php, line 952
Cake\View\View::render() - CORE\src\View\View.php, line 587
Cake\Controller\Controller::render() - CORE\src\Controller\Controller.php, line 611
Cake\Routing\Dispatcher::_invoke() - CORE\src\Routing\Dispatcher.php, line 120
Cake\Routing\Dispatcher::dispatch() - CORE\src\Routing\Dispatcher.php, line 87
[main] - ROOT\webroot\index.php, line 37



2016-01-23 14:04:26 Notice: Notice (8): Undefined variable: accountCommonList in [D:\Develop\web\game-wizard\src\Template\Element\Family\member_add_dialog.ctp, line 17]
Trace:
Cake\Error\BaseErrorHandler::handleError() - CORE\src\Error\BaseErrorHandler.php, line 140
include - APP/Template\Element\Family\member_add_dialog.ctp, line 17
Cake\View\View::_evaluate() - CORE\src\View\View.php, line 992
Cake\View\View::_render() - CORE\src\View\View.php, line 952
Cake\View\View::_renderElement() - CORE\src\View\View.php, line 1329
Cake\View\View::element() - CORE\src\View\View.php, line 493
include - APP/Template\Guild\members.ctp, line 61
Cake\View\View::_evaluate() - CORE\src\View\View.php, line 992
Cake\View\View::_render() - CORE\src\View\View.php, line 952
Cake\View\View::render() - CORE\src\View\View.php, line 587
Cake\Controller\Controller::render() - CORE\src\Controller\Controller.php, line 611
Cake\Routing\Dispatcher::_invoke() - CORE\src\Routing\Dispatcher.php, line 120
Cake\Routing\Dispatcher::dispatch() - CORE\src\Routing\Dispatcher.php, line 87
[main] - ROOT\webroot\index.php, line 37



2016-01-23 14:04:26 Notice: Notice (8): Undefined variable: roledataAccountsList in [D:\Develop\web\game-wizard\src\Template\Element\Family\member_add_dialog.ctp, line 43]
Trace:
Cake\Error\BaseErrorHandler::handleError() - CORE\src\Error\BaseErrorHandler.php, line 140
include - APP/Template\Element\Family\member_add_dialog.ctp, line 43
Cake\View\View::_evaluate() - CORE\src\View\View.php, line 992
Cake\View\View::_render() - CORE\src\View\View.php, line 952
Cake\View\View::_renderElement() - CORE\src\View\View.php, line 1329
Cake\View\View::element() - CORE\src\View\View.php, line 493
include - APP/Template\Guild\members.ctp, line 61
Cake\View\View::_evaluate() - CORE\src\View\View.php, line 992
Cake\View\View::_render() - CORE\src\View\View.php, line 952
Cake\View\View::render() - CORE\src\View\View.php, line 587
Cake\Controller\Controller::render() - CORE\src\Controller\Controller.php, line 611
Cake\Routing\Dispatcher::_invoke() - CORE\src\Routing\Dispatcher.php, line 120
Cake\Routing\Dispatcher::dispatch() - CORE\src\Routing\Dispatcher.php, line 87
[main] - ROOT\webroot\index.php, line 37



2016-01-23 14:04:41 Notice: Notice (8): Undefined variable: familyName in [D:\Develop\web\game-wizard\src\Template\Element\Family\member_add_dialog.ctp, line 6]
Trace:
Cake\Error\BaseErrorHandler::handleError() - CORE\src\Error\BaseErrorHandler.php, line 140
include - APP/Template\Element\Family\member_add_dialog.ctp, line 6
Cake\View\View::_evaluate() - CORE\src\View\View.php, line 992
Cake\View\View::_render() - CORE\src\View\View.php, line 952
Cake\View\View::_renderElement() - CORE\src\View\View.php, line 1329
Cake\View\View::element() - CORE\src\View\View.php, line 493
include - APP/Template\Guild\members.ctp, line 61
Cake\View\View::_evaluate() - CORE\src\View\View.php, line 992
Cake\View\View::_render() - CORE\src\View\View.php, line 952
Cake\View\View::render() - CORE\src\View\View.php, line 587
Cake\Controller\Controller::render() - CORE\src\Controller\Controller.php, line 611
Cake\Routing\Dispatcher::_invoke() - CORE\src\Routing\Dispatcher.php, line 120
Cake\Routing\Dispatcher::dispatch() - CORE\src\Routing\Dispatcher.php, line 87
[main] - ROOT\webroot\index.php, line 37



2016-01-23 14:04:41 Notice: Notice (8): Undefined variable: familyID in [D:\Develop\web\game-wizard\src\Template\Element\Family\member_add_dialog.ctp, line 9]
Trace:
Cake\Error\BaseErrorHandler::handleError() - CORE\src\Error\BaseErrorHandler.php, line 140
include - APP/Template\Element\Family\member_add_dialog.ctp, line 9
Cake\View\View::_evaluate() - CORE\src\View\View.php, line 992
Cake\View\View::_render() - CORE\src\View\View.php, line 952
Cake\View\View::_renderElement() - CORE\src\View\View.php, line 1329
Cake\View\View::element() - CORE\src\View\View.php, line 493
include - APP/Template\Guild\members.ctp, line 61
Cake\View\View::_evaluate() - CORE\src\View\View.php, line 992
Cake\View\View::_render() - CORE\src\View\View.php, line 952
Cake\View\View::render() - CORE\src\View\View.php, line 587
Cake\Controller\Controller::render() - CORE\src\Controller\Controller.php, line 611
Cake\Routing\Dispatcher::_invoke() - CORE\src\Routing\Dispatcher.php, line 120
Cake\Routing\Dispatcher::dispatch() - CORE\src\Routing\Dispatcher.php, line 87
[main] - ROOT\webroot\index.php, line 37



2016-01-23 14:04:41 Notice: Notice (8): Undefined variable: accountCommonList in [D:\Develop\web\game-wizard\src\Template\Element\Family\member_add_dialog.ctp, line 17]
Trace:
Cake\Error\BaseErrorHandler::handleError() - CORE\src\Error\BaseErrorHandler.php, line 140
include - APP/Template\Element\Family\member_add_dialog.ctp, line 17
Cake\View\View::_evaluate() - CORE\src\View\View.php, line 992
Cake\View\View::_render() - CORE\src\View\View.php, line 952
Cake\View\View::_renderElement() - CORE\src\View\View.php, line 1329
Cake\View\View::element() - CORE\src\View\View.php, line 493
include - APP/Template\Guild\members.ctp, line 61
Cake\View\View::_evaluate() - CORE\src\View\View.php, line 992
Cake\View\View::_render() - CORE\src\View\View.php, line 952
Cake\View\View::render() - CORE\src\View\View.php, line 587
Cake\Controller\Controller::render() - CORE\src\Controller\Controller.php, line 611
Cake\Routing\Dispatcher::_invoke() - CORE\src\Routing\Dispatcher.php, line 120
Cake\Routing\Dispatcher::dispatch() - CORE\src\Routing\Dispatcher.php, line 87
[main] - ROOT\webroot\index.php, line 37



2016-01-23 14:04:41 Notice: Notice (8): Undefined variable: roledataAccountsList in [D:\Develop\web\game-wizard\src\Template\Element\Family\member_add_dialog.ctp, line 43]
Trace:
Cake\Error\BaseErrorHandler::handleError() - CORE\src\Error\BaseErrorHandler.php, line 140
include - APP/Template\Element\Family\member_add_dialog.ctp, line 43
Cake\View\View::_evaluate() - CORE\src\View\View.php, line 992
Cake\View\View::_render() - CORE\src\View\View.php, line 952
Cake\View\View::_renderElement() - CORE\src\View\View.php, line 1329
Cake\View\View::element() - CORE\src\View\View.php, line 493
include - APP/Template\Guild\members.ctp, line 61
Cake\View\View::_evaluate() - CORE\src\View\View.php, line 992
Cake\View\View::_render() - CORE\src\View\View.php, line 952
Cake\View\View::render() - CORE\src\View\View.php, line 587
Cake\Controller\Controller::render() - CORE\src\Controller\Controller.php, line 611
Cake\Routing\Dispatcher::_invoke() - CORE\src\Routing\Dispatcher.php, line 120
Cake\Routing\Dispatcher::dispatch() - CORE\src\Routing\Dispatcher.php, line 87
[main] - ROOT\webroot\index.php, line 37



2016-01-23 14:07:15 Notice: Notice (8): Undefined variable: familyName in [D:\Develop\web\game-wizard\src\Template\Element\Family\member_add_dialog.ctp, line 6]
Trace:
Cake\Error\BaseErrorHandler::handleError() - CORE\src\Error\BaseErrorHandler.php, line 140
include - APP/Template\Element\Family\member_add_dialog.ctp, line 6
Cake\View\View::_evaluate() - CORE\src\View\View.php, line 992
Cake\View\View::_render() - CORE\src\View\View.php, line 952
Cake\View\View::_renderElement() - CORE\src\View\View.php, line 1329
Cake\View\View::element() - CORE\src\View\View.php, line 493
include - APP/Template\Guild\members.ctp, line 61
Cake\View\View::_evaluate() - CORE\src\View\View.php, line 992
Cake\View\View::_render() - CORE\src\View\View.php, line 952
Cake\View\View::render() - CORE\src\View\View.php, line 587
Cake\Controller\Controller::render() - CORE\src\Controller\Controller.php, line 611
Cake\Routing\Dispatcher::_invoke() - CORE\src\Routing\Dispatcher.php, line 120
Cake\Routing\Dispatcher::dispatch() - CORE\src\Routing\Dispatcher.php, line 87
[main] - ROOT\webroot\index.php, line 37



2016-01-23 14:07:15 Notice: Notice (8): Undefined variable: familyID in [D:\Develop\web\game-wizard\src\Template\Element\Family\member_add_dialog.ctp, line 9]
Trace:
Cake\Error\BaseErrorHandler::handleError() - CORE\src\Error\BaseErrorHandler.php, line 140
include - APP/Template\Element\Family\member_add_dialog.ctp, line 9
Cake\View\View::_evaluate() - CORE\src\View\View.php, line 992
Cake\View\View::_render() - CORE\src\View\View.php, line 952
Cake\View\View::_renderElement() - CORE\src\View\View.php, line 1329
Cake\View\View::element() - CORE\src\View\View.php, line 493
include - APP/Template\Guild\members.ctp, line 61
Cake\View\View::_evaluate() - CORE\src\View\View.php, line 992
Cake\View\View::_render() - CORE\src\View\View.php, line 952
Cake\View\View::render() - CORE\src\View\View.php, line 587
Cake\Controller\Controller::render() - CORE\src\Controller\Controller.php, line 611
Cake\Routing\Dispatcher::_invoke() - CORE\src\Routing\Dispatcher.php, line 120
Cake\Routing\Dispatcher::dispatch() - CORE\src\Routing\Dispatcher.php, line 87
[main] - ROOT\webroot\index.php, line 37



2016-01-23 14:07:15 Notice: Notice (8): Undefined variable: accountCommonList in [D:\Develop\web\game-wizard\src\Template\Element\Family\member_add_dialog.ctp, line 17]
Trace:
Cake\Error\BaseErrorHandler::handleError() - CORE\src\Error\BaseErrorHandler.php, line 140
include - APP/Template\Element\Family\member_add_dialog.ctp, line 17
Cake\View\View::_evaluate() - CORE\src\View\View.php, line 992
Cake\View\View::_render() - CORE\src\View\View.php, line 952
Cake\View\View::_renderElement() - CORE\src\View\View.php, line 1329
Cake\View\View::element() - CORE\src\View\View.php, line 493
include - APP/Template\Guild\members.ctp, line 61
Cake\View\View::_evaluate() - CORE\src\View\View.php, line 992
Cake\View\View::_render() - CORE\src\View\View.php, line 952
Cake\View\View::render() - CORE\src\View\View.php, line 587
Cake\Controller\Controller::render() - CORE\src\Controller\Controller.php, line 611
Cake\Routing\Dispatcher::_invoke() - CORE\src\Routing\Dispatcher.php, line 120
Cake\Routing\Dispatcher::dispatch() - CORE\src\Routing\Dispatcher.php, line 87
[main] - ROOT\webroot\index.php, line 37



2016-01-23 14:31:28 Notice: Notice (8): Undefined variable: familyName in [D:\Develop\web\game-wizard\src\Template\Element\Family\member_add_dialog.ctp, line 6]
Trace:
Cake\Error\BaseErrorHandler::handleError() - CORE\src\Error\BaseErrorHandler.php, line 140
include - APP/Template\Element\Family\member_add_dialog.ctp, line 6
Cake\View\View::_evaluate() - CORE\src\View\View.php, line 992
Cake\View\View::_render() - CORE\src\View\View.php, line 952
Cake\View\View::_renderElement() - CORE\src\View\View.php, line 1329
Cake\View\View::element() - CORE\src\View\View.php, line 493
include - APP/Template\Guild\members.ctp, line 59
Cake\View\View::_evaluate() - CORE\src\View\View.php, line 992
Cake\View\View::_render() - CORE\src\View\View.php, line 952
Cake\View\View::render() - CORE\src\View\View.php, line 587
Cake\Controller\Controller::render() - CORE\src\Controller\Controller.php, line 611
Cake\Routing\Dispatcher::_invoke() - CORE\src\Routing\Dispatcher.php, line 120
Cake\Routing\Dispatcher::dispatch() - CORE\src\Routing\Dispatcher.php, line 87
[main] - ROOT\webroot\index.php, line 37



2016-01-23 14:31:28 Notice: Notice (8): Undefined variable: accountCommonList in [D:\Develop\web\game-wizard\src\Template\Element\Family\member_add_dialog.ctp, line 21]
Trace:
Cake\Error\BaseErrorHandler::handleError() - CORE\src\Error\BaseErrorHandler.php, line 140
include - APP/Template\Element\Family\member_add_dialog.ctp, line 21
Cake\View\View::_evaluate() - CORE\src\View\View.php, line 992
Cake\View\View::_render() - CORE\src\View\View.php, line 952
Cake\View\View::_renderElement() - CORE\src\View\View.php, line 1329
Cake\View\View::element() - CORE\src\View\View.php, line 493
include - APP/Template\Guild\members.ctp, line 59
Cake\View\View::_evaluate() - CORE\src\View\View.php, line 992
Cake\View\View::_render() - CORE\src\View\View.php, line 952
Cake\View\View::render() - CORE\src\View\View.php, line 587
Cake\Controller\Controller::render() - CORE\src\Controller\Controller.php, line 611
Cake\Routing\Dispatcher::_invoke() - CORE\src\Routing\Dispatcher.php, line 120
Cake\Routing\Dispatcher::dispatch() - CORE\src\Routing\Dispatcher.php, line 87
[main] - ROOT\webroot\index.php, line 37



2016-01-23 14:32:49 Notice: Notice (8): Undefined variable: familyName in [D:\Develop\web\game-wizard\src\Template\Element\Family\member_add_dialog.ctp, line 6]
Trace:
Cake\Error\BaseErrorHandler::handleError() - CORE\src\Error\BaseErrorHandler.php, line 140
include - APP/Template\Element\Family\member_add_dialog.ctp, line 6
Cake\View\View::_evaluate() - CORE\src\View\View.php, line 992
Cake\View\View::_render() - CORE\src\View\View.php, line 952
Cake\View\View::_renderElement() - CORE\src\View\View.php, line 1329
Cake\View\View::element() - CORE\src\View\View.php, line 493
include - APP/Template\Guild\members.ctp, line 61
Cake\View\View::_evaluate() - CORE\src\View\View.php, line 992
Cake\View\View::_render() - CORE\src\View\View.php, line 952
Cake\View\View::render() - CORE\src\View\View.php, line 587
Cake\Controller\Controller::render() - CORE\src\Controller\Controller.php, line 611
Cake\Routing\Dispatcher::_invoke() - CORE\src\Routing\Dispatcher.php, line 120
Cake\Routing\Dispatcher::dispatch() - CORE\src\Routing\Dispatcher.php, line 87
[main] - ROOT\webroot\index.php, line 37



2016-01-23 14:32:49 Notice: Notice (8): Undefined variable: accountCommonList in [D:\Develop\web\game-wizard\src\Template\Element\Family\member_add_dialog.ctp, line 21]
Trace:
Cake\Error\BaseErrorHandler::handleError() - CORE\src\Error\BaseErrorHandler.php, line 140
include - APP/Template\Element\Family\member_add_dialog.ctp, line 21
Cake\View\View::_evaluate() - CORE\src\View\View.php, line 992
Cake\View\View::_render() - CORE\src\View\View.php, line 952
Cake\View\View::_renderElement() - CORE\src\View\View.php, line 1329
Cake\View\View::element() - CORE\src\View\View.php, line 493
include - APP/Template\Guild\members.ctp, line 61
Cake\View\View::_evaluate() - CORE\src\View\View.php, line 992
Cake\View\View::_render() - CORE\src\View\View.php, line 952
Cake\View\View::render() - CORE\src\View\View.php, line 587
Cake\Controller\Controller::render() - CORE\src\Controller\Controller.php, line 611
Cake\Routing\Dispatcher::_invoke() - CORE\src\Routing\Dispatcher.php, line 120
Cake\Routing\Dispatcher::dispatch() - CORE\src\Routing\Dispatcher.php, line 87
[main] - ROOT\webroot\index.php, line 37



2016-01-23 14:37:43 Notice: Notice (8): Undefined variable: accountCommonList in [D:\Develop\web\game-wizard\src\Template\Element\Family\member_add_dialog.ctp, line 25]
Trace:
Cake\Error\BaseErrorHandler::handleError() - CORE\src\Error\BaseErrorHandler.php, line 140
include - APP/Template\Element\Family\member_add_dialog.ctp, line 25
Cake\View\View::_evaluate() - CORE\src\View\View.php, line 992
Cake\View\View::_render() - CORE\src\View\View.php, line 952
Cake\View\View::_renderElement() - CORE\src\View\View.php, line 1329
Cake\View\View::element() - CORE\src\View\View.php, line 493
include - APP/Template\Guild\members.ctp, line 61
Cake\View\View::_evaluate() - CORE\src\View\View.php, line 992
Cake\View\View::_render() - CORE\src\View\View.php, line 952
Cake\View\View::render() - CORE\src\View\View.php, line 587
Cake\Controller\Controller::render() - CORE\src\Controller\Controller.php, line 611
Cake\Routing\Dispatcher::_invoke() - CORE\src\Routing\Dispatcher.php, line 120
Cake\Routing\Dispatcher::dispatch() - CORE\src\Routing\Dispatcher.php, line 87
[main] - ROOT\webroot\index.php, line 37



2016-01-23 14:38:30 Notice: Notice (8): Undefined variable: accountCommonList in [D:\Develop\web\game-wizard\src\Template\Element\Family\member_add_dialog.ctp, line 25]
Trace:
Cake\Error\BaseErrorHandler::handleError() - CORE\src\Error\BaseErrorHandler.php, line 140
include - APP/Template\Element\Family\member_add_dialog.ctp, line 25
Cake\View\View::_evaluate() - CORE\src\View\View.php, line 992
Cake\View\View::_render() - CORE\src\View\View.php, line 952
Cake\View\View::_renderElement() - CORE\src\View\View.php, line 1329
Cake\View\View::element() - CORE\src\View\View.php, line 493
include - APP/Template\Guild\members.ctp, line 61
Cake\View\View::_evaluate() - CORE\src\View\View.php, line 992
Cake\View\View::_render() - CORE\src\View\View.php, line 952
Cake\View\View::render() - CORE\src\View\View.php, line 587
Cake\Controller\Controller::render() - CORE\src\Controller\Controller.php, line 611
Cake\Routing\Dispatcher::_invoke() - CORE\src\Routing\Dispatcher.php, line 120
Cake\Routing\Dispatcher::dispatch() - CORE\src\Routing\Dispatcher.php, line 87
[main] - ROOT\webroot\index.php, line 37



2016-01-23 14:39:03 Notice: Notice (8): Undefined variable: accountCommonList in [D:\Develop\web\game-wizard\src\Template\Element\Family\member_add_dialog.ctp, line 25]
Trace:
Cake\Error\BaseErrorHandler::handleError() - CORE\src\Error\BaseErrorHandler.php, line 140
include - APP/Template\Element\Family\member_add_dialog.ctp, line 25
Cake\View\View::_evaluate() - CORE\src\View\View.php, line 992
Cake\View\View::_render() - CORE\src\View\View.php, line 952
Cake\View\View::_renderElement() - CORE\src\View\View.php, line 1329
Cake\View\View::element() - CORE\src\View\View.php, line 493
include - APP/Template\Guild\members.ctp, line 61
Cake\View\View::_evaluate() - CORE\src\View\View.php, line 992
Cake\View\View::_render() - CORE\src\View\View.php, line 952
Cake\View\View::render() - CORE\src\View\View.php, line 587
Cake\Controller\Controller::render() - CORE\src\Controller\Controller.php, line 611
Cake\Routing\Dispatcher::_invoke() - CORE\src\Routing\Dispatcher.php, line 120
Cake\Routing\Dispatcher::dispatch() - CORE\src\Routing\Dispatcher.php, line 87
[main] - ROOT\webroot\index.php, line 37



2016-01-23 14:40:14 Notice: Notice (8): Undefined variable: accountCommonList in [D:\Develop\web\game-wizard\src\Template\Element\Family\member_add_dialog.ctp, line 25]
Trace:
Cake\Error\BaseErrorHandler::handleError() - CORE\src\Error\BaseErrorHandler.php, line 140
include - APP/Template\Element\Family\member_add_dialog.ctp, line 25
Cake\View\View::_evaluate() - CORE\src\View\View.php, line 992
Cake\View\View::_render() - CORE\src\View\View.php, line 952
Cake\View\View::_renderElement() - CORE\src\View\View.php, line 1329
Cake\View\View::element() - CORE\src\View\View.php, line 493
include - APP/Template\Guild\members.ctp, line 61
Cake\View\View::_evaluate() - CORE\src\View\View.php, line 992
Cake\View\View::_render() - CORE\src\View\View.php, line 952
Cake\View\View::render() - CORE\src\View\View.php, line 587
Cake\Controller\Controller::render() - CORE\src\Controller\Controller.php, line 611
Cake\Routing\Dispatcher::_invoke() - CORE\src\Routing\Dispatcher.php, line 120
Cake\Routing\Dispatcher::dispatch() - CORE\src\Routing\Dispatcher.php, line 87
[main] - ROOT\webroot\index.php, line 37



2016-01-23 14:42:17 Notice: Notice (8): Undefined variable: accountCommonList in [D:\Develop\web\game-wizard\src\Template\Element\Family\member_add_dialog.ctp, line 25]
Trace:
Cake\Error\BaseErrorHandler::handleError() - CORE\src\Error\BaseErrorHandler.php, line 140
include - APP/Template\Element\Family\member_add_dialog.ctp, line 25
Cake\View\View::_evaluate() - CORE\src\View\View.php, line 992
Cake\View\View::_render() - CORE\src\View\View.php, line 952
Cake\View\View::_renderElement() - CORE\src\View\View.php, line 1329
Cake\View\View::element() - CORE\src\View\View.php, line 493
include - APP/Template\Guild\members.ctp, line 61
Cake\View\View::_evaluate() - CORE\src\View\View.php, line 992
Cake\View\View::_render() - CORE\src\View\View.php, line 952
Cake\View\View::render() - CORE\src\View\View.php, line 587
Cake\Controller\Controller::render() - CORE\src\Controller\Controller.php, line 611
Cake\Routing\Dispatcher::_invoke() - CORE\src\Routing\Dispatcher.php, line 120
Cake\Routing\Dispatcher::dispatch() - CORE\src\Routing\Dispatcher.php, line 87
[main] - ROOT\webroot\index.php, line 37



2016-01-23 14:42:20 Notice: Notice (8): Undefined variable: accountCommonList in [D:\Develop\web\game-wizard\src\Template\Element\Family\member_add_dialog.ctp, line 25]
Trace:
Cake\Error\BaseErrorHandler::handleError() - CORE\src\Error\BaseErrorHandler.php, line 140
include - APP/Template\Element\Family\member_add_dialog.ctp, line 25
Cake\View\View::_evaluate() - CORE\src\View\View.php, line 992
Cake\View\View::_render() - CORE\src\View\View.php, line 952
Cake\View\View::_renderElement() - CORE\src\View\View.php, line 1329
Cake\View\View::element() - CORE\src\View\View.php, line 493
include - APP/Template\Guild\members.ctp, line 61
Cake\View\View::_evaluate() - CORE\src\View\View.php, line 992
Cake\View\View::_render() - CORE\src\View\View.php, line 952
Cake\View\View::render() - CORE\src\View\View.php, line 587
Cake\Controller\Controller::render() - CORE\src\Controller\Controller.php, line 611
Cake\Routing\Dispatcher::_invoke() - CORE\src\Routing\Dispatcher.php, line 120
Cake\Routing\Dispatcher::dispatch() - CORE\src\Routing\Dispatcher.php, line 87
[main] - ROOT\webroot\index.php, line 37



2016-01-23 14:42:34 Notice: Notice (8): Undefined variable: accountCommonList in [D:\Develop\web\game-wizard\src\Template\Element\Family\member_add_dialog.ctp, line 25]
Trace:
Cake\Error\BaseErrorHandler::handleError() - CORE\src\Error\BaseErrorHandler.php, line 140
include - APP/Template\Element\Family\member_add_dialog.ctp, line 25
Cake\View\View::_evaluate() - CORE\src\View\View.php, line 992
Cake\View\View::_render() - CORE\src\View\View.php, line 952
Cake\View\View::_renderElement() - CORE\src\View\View.php, line 1329
Cake\View\View::element() - CORE\src\View\View.php, line 493
include - APP/Template\Guild\members.ctp, line 61
Cake\View\View::_evaluate() - CORE\src\View\View.php, line 992
Cake\View\View::_render() - CORE\src\View\View.php, line 952
Cake\View\View::render() - CORE\src\View\View.php, line 587
Cake\Controller\Controller::render() - CORE\src\Controller\Controller.php, line 611
Cake\Routing\Dispatcher::_invoke() - CORE\src\Routing\Dispatcher.php, line 120
Cake\Routing\Dispatcher::dispatch() - CORE\src\Routing\Dispatcher.php, line 87
[main] - ROOT\webroot\index.php, line 37



2016-01-23 20:15:33 Notice: Notice (8): Undefined index: id in [D:\Develop\web\game-wizard\src\Controller\AppController.php, line 120]
Trace:
Cake\Error\BaseErrorHandler::handleError() - CORE\src\Error\BaseErrorHandler.php, line 140
App\Controller\AppController::translateUrl() - APP/Controller\AppController.php, line 120
App\Controller\AppController::beforeFilter() - APP/Controller\AppController.php, line 77
Cake\Event\EventManager::_callListener() - CORE\src\Event\EventManager.php, line 385
Cake\Event\EventManager::dispatch() - CORE\src\Event\EventManager.php, line 355
Cake\Controller\Controller::dispatchEvent() - CORE\src\Event\EventDispatcherTrait.php, line 78
Cake\Controller\Controller::startupProcess() - CORE\src\Controller\Controller.php, line 491
Cake\Routing\Dispatcher::_invoke() - CORE\src\Routing\Dispatcher.php, line 109
Cake\Routing\Dispatcher::dispatch() - CORE\src\Routing\Dispatcher.php, line 87
[main] - ROOT\webroot\index.php, line 37



2016-01-23 20:24:06 Notice: Notice (8): Undefined index: id in [D:\Develop\web\game-wizard\src\Controller\AppController.php, line 120]
Trace:
Cake\Error\BaseErrorHandler::handleError() - CORE\src\Error\BaseErrorHandler.php, line 140
App\Controller\AppController::translateUrl() - APP/Controller\AppController.php, line 120
App\Controller\AppController::beforeFilter() - APP/Controller\AppController.php, line 77
Cake\Event\EventManager::_callListener() - CORE\src\Event\EventManager.php, line 385
Cake\Event\EventManager::dispatch() - CORE\src\Event\EventManager.php, line 355
Cake\Controller\Controller::dispatchEvent() - CORE\src\Event\EventDispatcherTrait.php, line 78
Cake\Controller\Controller::startupProcess() - CORE\src\Controller\Controller.php, line 491
Cake\Routing\Dispatcher::_invoke() - CORE\src\Routing\Dispatcher.php, line 109
Cake\Routing\Dispatcher::dispatch() - CORE\src\Routing\Dispatcher.php, line 87
[main] - ROOT\webroot\index.php, line 37



2016-01-30 18:36:54 Notice: Notice (8): Undefined variable: petData in [D:\Develop\web\game-wizard\src\Template\Roledata\nurslings.ctp, line 41]
Trace:
Cake\Error\BaseErrorHandler::handleError() - CORE\src\Error\BaseErrorHandler.php, line 140
include - APP/Template\Roledata\nurslings.ctp, line 41
Cake\View\View::_evaluate() - CORE\src\View\View.php, line 992
Cake\View\View::_render() - CORE\src\View\View.php, line 952
Cake\View\View::render() - CORE\src\View\View.php, line 587
Cake\Controller\Controller::render() - CORE\src\Controller\Controller.php, line 611
Cake\Routing\Dispatcher::_invoke() - CORE\src\Routing\Dispatcher.php, line 120
Cake\Routing\Dispatcher::dispatch() - CORE\src\Routing\Dispatcher.php, line 87
[main] - ROOT\webroot\index.php, line 37



2016-01-30 18:36:54 Notice: Notice (8): Trying to get property of non-object in [D:\Develop\web\game-wizard\src\Template\Roledata\nurslings.ctp, line 41]
Trace:
Cake\Error\BaseErrorHandler::handleError() - CORE\src\Error\BaseErrorHandler.php, line 140
include - APP/Template\Roledata\nurslings.ctp, line 41
Cake\View\View::_evaluate() - CORE\src\View\View.php, line 992
Cake\View\View::_render() - CORE\src\View\View.php, line 952
Cake\View\View::render() - CORE\src\View\View.php, line 587
Cake\Controller\Controller::render() - CORE\src\Controller\Controller.php, line 611
Cake\Routing\Dispatcher::_invoke() - CORE\src\Routing\Dispatcher.php, line 120
Cake\Routing\Dispatcher::dispatch() - CORE\src\Routing\Dispatcher.php, line 87
[main] - ROOT\webroot\index.php, line 37



2016-01-30 18:38:59 Notice: Notice (8): Trying to get property of non-object in [D:\Develop\web\game-wizard\src\Controller\RoledataController.php, line 117]
Trace:
Cake\Error\BaseErrorHandler::handleError() - CORE\src\Error\BaseErrorHandler.php, line 140
App\Controller\RoledataController::delete() - APP/Controller\RoledataController.php, line 117
Cake\Controller\Controller::invokeAction() - CORE\src\Controller\Controller.php, line 429
Cake\Routing\Dispatcher::_invoke() - CORE\src\Routing\Dispatcher.php, line 114
Cake\Routing\Dispatcher::dispatch() - CORE\src\Routing\Dispatcher.php, line 87
[main] - ROOT\webroot\index.php, line 37



2016-01-30 18:38:59 Notice: Notice (8): Trying to get property of non-object in [D:\Develop\web\game-wizard\src\Model\Table\ItemTable.php, line 225]
Trace:
Cake\Error\BaseErrorHandler::handleError() - CORE\src\Error\BaseErrorHandler.php, line 140
App\Model\Table\ItemTable::deleteItems() - APP/Model\Table\ItemTable.php, line 225
App\Controller\RoledataController::delete() - APP/Controller\RoledataController.php, line 117
Cake\Controller\Controller::invokeAction() - CORE\src\Controller\Controller.php, line 429
Cake\Routing\Dispatcher::_invoke() - CORE\src\Routing\Dispatcher.php, line 114
Cake\Routing\Dispatcher::dispatch() - CORE\src\Routing\Dispatcher.php, line 87
[main] - ROOT\webroot\index.php, line 37



2016-01-30 18:38:59 Notice: Notice (8): Trying to get property of non-object in [D:\Develop\web\game-wizard\src\Model\Table\ItemTable.php, line 225]
Trace:
Cake\Error\BaseErrorHandler::handleError() - CORE\src\Error\BaseErrorHandler.php, line 140
App\Model\Table\ItemTable::deleteItems() - APP/Model\Table\ItemTable.php, line 225
App\Controller\RoledataController::delete() - APP/Controller\RoledataController.php, line 117
Cake\Controller\Controller::invokeAction() - CORE\src\Controller\Controller.php, line 429
Cake\Routing\Dispatcher::_invoke() - CORE\src\Routing\Dispatcher.php, line 114
Cake\Routing\Dispatcher::dispatch() - CORE\src\Routing\Dispatcher.php, line 87
[main] - ROOT\webroot\index.php, line 37



2016-01-30 18:38:59 Notice: Notice (8): Trying to get property of non-object in [D:\Develop\web\game-wizard\src\Model\Table\ItemTable.php, line 225]
Trace:
Cake\Error\BaseErrorHandler::handleError() - CORE\src\Error\BaseErrorHandler.php, line 140
App\Model\Table\ItemTable::deleteItems() - APP/Model\Table\ItemTable.php, line 225
App\Controller\RoledataController::delete() - APP/Controller\RoledataController.php, line 117
Cake\Controller\Controller::invokeAction() - CORE\src\Controller\Controller.php, line 429
Cake\Routing\Dispatcher::_invoke() - CORE\src\Routing\Dispatcher.php, line 114
Cake\Routing\Dispatcher::dispatch() - CORE\src\Routing\Dispatcher.php, line 87
[main] - ROOT\webroot\index.php, line 37



2016-01-30 18:47:04 Notice: Notice (8): Trying to get property of non-object in [D:\Develop\web\game-wizard\src\Controller\RoledataController.php, line 117]
Trace:
Cake\Error\BaseErrorHandler::handleError() - CORE\src\Error\BaseErrorHandler.php, line 140
App\Controller\RoledataController::delete() - APP/Controller\RoledataController.php, line 117
Cake\Controller\Controller::invokeAction() - CORE\src\Controller\Controller.php, line 429
Cake\Routing\Dispatcher::_invoke() - CORE\src\Routing\Dispatcher.php, line 114
Cake\Routing\Dispatcher::dispatch() - CORE\src\Routing\Dispatcher.php, line 87
[main] - ROOT\webroot\index.php, line 37



2016-01-30 18:47:04 Notice: Notice (8): Trying to get property of non-object in [D:\Develop\web\game-wizard\src\Model\Table\ItemTable.php, line 225]
Trace:
Cake\Error\BaseErrorHandler::handleError() - CORE\src\Error\BaseErrorHandler.php, line 140
App\Model\Table\ItemTable::deleteItems() - APP/Model\Table\ItemTable.php, line 225
App\Controller\RoledataController::delete() - APP/Controller\RoledataController.php, line 117
Cake\Controller\Controller::invokeAction() - CORE\src\Controller\Controller.php, line 429
Cake\Routing\Dispatcher::_invoke() - CORE\src\Routing\Dispatcher.php, line 114
Cake\Routing\Dispatcher::dispatch() - CORE\src\Routing\Dispatcher.php, line 87
[main] - ROOT\webroot\index.php, line 37



2016-01-30 18:47:04 Notice: Notice (8): Trying to get property of non-object in [D:\Develop\web\game-wizard\src\Model\Table\ItemTable.php, line 225]
Trace:
Cake\Error\BaseErrorHandler::handleError() - CORE\src\Error\BaseErrorHandler.php, line 140
App\Model\Table\ItemTable::deleteItems() - APP/Model\Table\ItemTable.php, line 225
App\Controller\RoledataController::delete() - APP/Controller\RoledataController.php, line 117
Cake\Controller\Controller::invokeAction() - CORE\src\Controller\Controller.php, line 429
Cake\Routing\Dispatcher::_invoke() - CORE\src\Routing\Dispatcher.php, line 114
Cake\Routing\Dispatcher::dispatch() - CORE\src\Routing\Dispatcher.php, line 87
[main] - ROOT\webroot\index.php, line 37



2016-01-30 18:47:04 Notice: Notice (8): Trying to get property of non-object in [D:\Develop\web\game-wizard\src\Model\Table\ItemTable.php, line 225]
Trace:
Cake\Error\BaseErrorHandler::handleError() - CORE\src\Error\BaseErrorHandler.php, line 140
App\Model\Table\ItemTable::deleteItems() - APP/Model\Table\ItemTable.php, line 225
App\Controller\RoledataController::delete() - APP/Controller\RoledataController.php, line 117
Cake\Controller\Controller::invokeAction() - CORE\src\Controller\Controller.php, line 429
Cake\Routing\Dispatcher::_invoke() - CORE\src\Routing\Dispatcher.php, line 114
Cake\Routing\Dispatcher::dispatch() - CORE\src\Routing\Dispatcher.php, line 87
[main] - ROOT\webroot\index.php, line 37



2016-01-30 18:55:49 Notice: Notice (8): Trying to get property of non-object in [D:\Develop\web\game-wizard\src\Controller\RoledataController.php, line 118]
Trace:
Cake\Error\BaseErrorHandler::handleError() - CORE\src\Error\BaseErrorHandler.php, line 140
App\Controller\RoledataController::delete() - APP/Controller\RoledataController.php, line 118
Cake\Controller\Controller::invokeAction() - CORE\src\Controller\Controller.php, line 429
Cake\Routing\Dispatcher::_invoke() - CORE\src\Routing\Dispatcher.php, line 114
Cake\Routing\Dispatcher::dispatch() - CORE\src\Routing\Dispatcher.php, line 87
[main] - ROOT\webroot\index.php, line 37



2016-01-30 18:55:49 Notice: Notice (8): Trying to get property of non-object in [D:\Develop\web\game-wizard\src\Model\Table\ItemTable.php, line 225]
Trace:
Cake\Error\BaseErrorHandler::handleError() - CORE\src\Error\BaseErrorHandler.php, line 140
App\Model\Table\ItemTable::deleteItems() - APP/Model\Table\ItemTable.php, line 225
App\Controller\RoledataController::delete() - APP/Controller\RoledataController.php, line 118
Cake\Controller\Controller::invokeAction() - CORE\src\Controller\Controller.php, line 429
Cake\Routing\Dispatcher::_invoke() - CORE\src\Routing\Dispatcher.php, line 114
Cake\Routing\Dispatcher::dispatch() - CORE\src\Routing\Dispatcher.php, line 87
[main] - ROOT\webroot\index.php, line 37



2016-01-30 18:55:49 Notice: Notice (8): Trying to get property of non-object in [D:\Develop\web\game-wizard\src\Model\Table\ItemTable.php, line 225]
Trace:
Cake\Error\BaseErrorHandler::handleError() - CORE\src\Error\BaseErrorHandler.php, line 140
App\Model\Table\ItemTable::deleteItems() - APP/Model\Table\ItemTable.php, line 225
App\Controller\RoledataController::delete() - APP/Controller\RoledataController.php, line 118
Cake\Controller\Controller::invokeAction() - CORE\src\Controller\Controller.php, line 429
Cake\Routing\Dispatcher::_invoke() - CORE\src\Routing\Dispatcher.php, line 114
Cake\Routing\Dispatcher::dispatch() - CORE\src\Routing\Dispatcher.php, line 87
[main] - ROOT\webroot\index.php, line 37



2016-01-30 18:55:49 Notice: Notice (8): Trying to get property of non-object in [D:\Develop\web\game-wizard\src\Model\Table\ItemTable.php, line 225]
Trace:
Cake\Error\BaseErrorHandler::handleError() - CORE\src\Error\BaseErrorHandler.php, line 140
App\Model\Table\ItemTable::deleteItems() - APP/Model\Table\ItemTable.php, line 225
App\Controller\RoledataController::delete() - APP/Controller\RoledataController.php, line 118
Cake\Controller\Controller::invokeAction() - CORE\src\Controller\Controller.php, line 429
Cake\Routing\Dispatcher::_invoke() - CORE\src\Routing\Dispatcher.php, line 114
Cake\Routing\Dispatcher::dispatch() - CORE\src\Routing\Dispatcher.php, line 87
[main] - ROOT\webroot\index.php, line 37



2016-01-30 18:59:39 Notice: Notice (8): Trying to get property of non-object in [D:\Develop\web\game-wizard\src\Model\Table\ItemTable.php, line 225]
Trace:
Cake\Error\BaseErrorHandler::handleError() - CORE\src\Error\BaseErrorHandler.php, line 140
App\Model\Table\ItemTable::deleteItems() - APP/Model\Table\ItemTable.php, line 225
App\Controller\RoledataController::delete() - APP/Controller\RoledataController.php, line 118
Cake\Controller\Controller::invokeAction() - CORE\src\Controller\Controller.php, line 429
Cake\Routing\Dispatcher::_invoke() - CORE\src\Routing\Dispatcher.php, line 114
Cake\Routing\Dispatcher::dispatch() - CORE\src\Routing\Dispatcher.php, line 87
[main] - ROOT\webroot\index.php, line 37



2016-01-30 18:59:40 Notice: Notice (8): Trying to get property of non-object in [D:\Develop\web\game-wizard\src\Model\Table\ItemTable.php, line 225]
Trace:
Cake\Error\BaseErrorHandler::handleError() - CORE\src\Error\BaseErrorHandler.php, line 140
App\Model\Table\ItemTable::deleteItems() - APP/Model\Table\ItemTable.php, line 225
App\Controller\RoledataController::delete() - APP/Controller\RoledataController.php, line 118
Cake\Controller\Controller::invokeAction() - CORE\src\Controller\Controller.php, line 429
Cake\Routing\Dispatcher::_invoke() - CORE\src\Routing\Dispatcher.php, line 114
Cake\Routing\Dispatcher::dispatch() - CORE\src\Routing\Dispatcher.php, line 87
[main] - ROOT\webroot\index.php, line 37



2016-01-30 18:59:40 Notice: Notice (8): Trying to get property of non-object in [D:\Develop\web\game-wizard\src\Model\Table\ItemTable.php, line 225]
Trace:
Cake\Error\BaseErrorHandler::handleError() - CORE\src\Error\BaseErrorHandler.php, line 140
App\Model\Table\ItemTable::deleteItems() - APP/Model\Table\ItemTable.php, line 225
App\Controller\RoledataController::delete() - APP/Controller\RoledataController.php, line 118
Cake\Controller\Controller::invokeAction() - CORE\src\Controller\Controller.php, line 429
Cake\Routing\Dispatcher::_invoke() - CORE\src\Routing\Dispatcher.php, line 114
Cake\Routing\Dispatcher::dispatch() - CORE\src\Routing\Dispatcher.php, line 87
[main] - ROOT\webroot\index.php, line 37



2016-01-30 19:17:36 Notice: Notice (8): Undefined variable: accountName in [D:\Develop\web\game-wizard\src\Template\Roledata\nurslings.ctp, line 4]
Trace:
Cake\Error\BaseErrorHandler::handleError() - CORE\src\Error\BaseErrorHandler.php, line 140
include - APP/Template\Roledata\nurslings.ctp, line 4
Cake\View\View::_evaluate() - CORE\src\View\View.php, line 992
Cake\View\View::_render() - CORE\src\View\View.php, line 952
Cake\View\View::render() - CORE\src\View\View.php, line 587
Cake\Controller\Controller::render() - CORE\src\Controller\Controller.php, line 611
Cake\Routing\Dispatcher::_invoke() - CORE\src\Routing\Dispatcher.php, line 120
Cake\Routing\Dispatcher::dispatch() - CORE\src\Routing\Dispatcher.php, line 87
[main] - ROOT\webroot\index.php, line 37



2016-01-30 19:17:36 Notice: Notice (8): Undefined variable: accountID in [D:\Develop\web\game-wizard\src\Template\Roledata\nurslings.ctp, line 4]
Trace:
Cake\Error\BaseErrorHandler::handleError() - CORE\src\Error\BaseErrorHandler.php, line 140
include - APP/Template\Roledata\nurslings.ctp, line 4
Cake\View\View::_evaluate() - CORE\src\View\View.php, line 992
Cake\View\View::_render() - CORE\src\View\View.php, line 952
Cake\View\View::render() - CORE\src\View\View.php, line 587
Cake\Controller\Controller::render() - CORE\src\Controller\Controller.php, line 611
Cake\Routing\Dispatcher::_invoke() - CORE\src\Routing\Dispatcher.php, line 120
Cake\Routing\Dispatcher::dispatch() - CORE\src\Routing\Dispatcher.php, line 87
[main] - ROOT\webroot\index.php, line 37



2016-01-30 19:18:42 Notice: Notice (8): Undefined variable: id in [D:\Develop\web\game-wizard\src\Template\Roledata\nurslings.ctp, line 5]
Trace:
Cake\Error\BaseErrorHandler::handleError() - CORE\src\Error\BaseErrorHandler.php, line 140
include - APP/Template\Roledata\nurslings.ctp, line 5
Cake\View\View::_evaluate() - CORE\src\View\View.php, line 992
Cake\View\View::_render() - CORE\src\View\View.php, line 952
Cake\View\View::render() - CORE\src\View\View.php, line 587
Cake\Controller\Controller::render() - CORE\src\Controller\Controller.php, line 611
Cake\Routing\Dispatcher::_invoke() - CORE\src\Routing\Dispatcher.php, line 120
Cake\Routing\Dispatcher::dispatch() - CORE\src\Routing\Dispatcher.php, line 87
[main] - ROOT\webroot\index.php, line 37



2016-02-05 16:50:31 Notice: Notice (8): Undefined variable: id in [D:\Develop\web\game-wizard\src\Template\Account\edit.ctp, line 4]
Trace:
Cake\Error\BaseErrorHandler::handleError() - CORE\src\Error\BaseErrorHandler.php, line 140
include - APP/Template\Account\edit.ctp, line 4
Cake\View\View::_evaluate() - CORE\src\View\View.php, line 992
Cake\View\View::_render() - CORE\src\View\View.php, line 952
Cake\View\View::render() - CORE\src\View\View.php, line 587
Cake\Controller\Controller::render() - CORE\src\Controller\Controller.php, line 611
Cake\Routing\Dispatcher::_invoke() - CORE\src\Routing\Dispatcher.php, line 120
Cake\Routing\Dispatcher::dispatch() - CORE\src\Routing\Dispatcher.php, line 87
[main] - ROOT\webroot\index.php, line 37



2016-02-05 16:53:56 Notice: Notice (8): Undefined variable: accountCommon in [D:\Develop\web\game-wizard\src\Template\AccountCommon\roledata_list.ctp, line 9]
Trace:
Cake\Error\BaseErrorHandler::handleError() - CORE\src\Error\BaseErrorHandler.php, line 140
include - APP/Template\AccountCommon\roledata_list.ctp, line 9
Cake\View\View::_evaluate() - CORE\src\View\View.php, line 992
Cake\View\View::_render() - CORE\src\View\View.php, line 952
Cake\View\View::render() - CORE\src\View\View.php, line 587
Cake\Controller\Controller::render() - CORE\src\Controller\Controller.php, line 611
Cake\Routing\Dispatcher::_invoke() - CORE\src\Routing\Dispatcher.php, line 120
Cake\Routing\Dispatcher::dispatch() - CORE\src\Routing\Dispatcher.php, line 87
[main] - ROOT\webroot\index.php, line 37



2016-02-05 16:59:31 Notice: Notice (8): Undefined index: id in [D:\Develop\web\game-wizard\src\Controller\AppController.php, line 120]
Trace:
Cake\Error\BaseErrorHandler::handleError() - CORE\src\Error\BaseErrorHandler.php, line 140
App\Controller\AppController::translateUrl() - APP/Controller\AppController.php, line 120
App\Controller\AppController::beforeFilter() - APP/Controller\AppController.php, line 77
Cake\Event\EventManager::_callListener() - CORE\src\Event\EventManager.php, line 385
Cake\Event\EventManager::dispatch() - CORE\src\Event\EventManager.php, line 355
Cake\Controller\Controller::dispatchEvent() - CORE\src\Event\EventDispatcherTrait.php, line 78
Cake\Controller\Controller::startupProcess() - CORE\src\Controller\Controller.php, line 491
Cake\Routing\Dispatcher::_invoke() - CORE\src\Routing\Dispatcher.php, line 109
Cake\Routing\Dispatcher::dispatch() - CORE\src\Routing\Dispatcher.php, line 87
[main] - ROOT\webroot\index.php, line 37



2016-02-05 17:02:28 Notice: Notice (8): Undefined index: id in [D:\Develop\web\game-wizard\src\Controller\AppController.php, line 120]
Trace:
Cake\Error\BaseErrorHandler::handleError() - CORE\src\Error\BaseErrorHandler.php, line 140
App\Controller\AppController::translateUrl() - APP/Controller\AppController.php, line 120
App\Controller\AppController::beforeFilter() - APP/Controller\AppController.php, line 77
Cake\Event\EventManager::_callListener() - CORE\src\Event\EventManager.php, line 385
Cake\Event\EventManager::dispatch() - CORE\src\Event\EventManager.php, line 355
Cake\Controller\Controller::dispatchEvent() - CORE\src\Event\EventDispatcherTrait.php, line 78
Cake\Controller\Controller::startupProcess() - CORE\src\Controller\Controller.php, line 491
Cake\Routing\Dispatcher::_invoke() - CORE\src\Routing\Dispatcher.php, line 109
Cake\Routing\Dispatcher::dispatch() - CORE\src\Routing\Dispatcher.php, line 87
[main] - ROOT\webroot\index.php, line 37



2016-02-05 17:02:56 Notice: Notice (8): Undefined index: id in [D:\Develop\web\game-wizard\src\Controller\AppController.php, line 120]
Trace:
Cake\Error\BaseErrorHandler::handleError() - CORE\src\Error\BaseErrorHandler.php, line 140
App\Controller\AppController::translateUrl() - APP/Controller\AppController.php, line 120
App\Controller\AppController::beforeFilter() - APP/Controller\AppController.php, line 77
Cake\Event\EventManager::_callListener() - CORE\src\Event\EventManager.php, line 385
Cake\Event\EventManager::dispatch() - CORE\src\Event\EventManager.php, line 355
Cake\Controller\Controller::dispatchEvent() - CORE\src\Event\EventDispatcherTrait.php, line 78
Cake\Controller\Controller::startupProcess() - CORE\src\Controller\Controller.php, line 491
Cake\Routing\Dispatcher::_invoke() - CORE\src\Routing\Dispatcher.php, line 109
Cake\Routing\Dispatcher::dispatch() - CORE\src\Routing\Dispatcher.php, line 87
[main] - ROOT\webroot\index.php, line 37



2016-02-05 17:03:13 Notice: Notice (8): Undefined index: id in [D:\Develop\web\game-wizard\src\Controller\AppController.php, line 120]
Trace:
Cake\Error\BaseErrorHandler::handleError() - CORE\src\Error\BaseErrorHandler.php, line 140
App\Controller\AppController::translateUrl() - APP/Controller\AppController.php, line 120
App\Controller\AppController::beforeFilter() - APP/Controller\AppController.php, line 77
Cake\Event\EventManager::_callListener() - CORE\src\Event\EventManager.php, line 385
Cake\Event\EventManager::dispatch() - CORE\src\Event\EventManager.php, line 355
Cake\Controller\Controller::dispatchEvent() - CORE\src\Event\EventDispatcherTrait.php, line 78
Cake\Controller\Controller::startupProcess() - CORE\src\Controller\Controller.php, line 491
Cake\Routing\Dispatcher::_invoke() - CORE\src\Routing\Dispatcher.php, line 109
Cake\Routing\Dispatcher::dispatch() - CORE\src\Routing\Dispatcher.php, line 87
[main] - ROOT\webroot\index.php, line 37



2016-02-05 17:05:06 Notice: Notice (8): Undefined index: id in [D:\Develop\web\game-wizard\src\Controller\AppController.php, line 120]
Trace:
Cake\Error\BaseErrorHandler::handleError() - CORE\src\Error\BaseErrorHandler.php, line 140
App\Controller\AppController::translateUrl() - APP/Controller\AppController.php, line 120
App\Controller\AppController::beforeFilter() - APP/Controller\AppController.php, line 77
Cake\Event\EventManager::_callListener() - CORE\src\Event\EventManager.php, line 385
Cake\Event\EventManager::dispatch() - CORE\src\Event\EventManager.php, line 355
Cake\Controller\Controller::dispatchEvent() - CORE\src\Event\EventDispatcherTrait.php, line 78
Cake\Controller\Controller::startupProcess() - CORE\src\Controller\Controller.php, line 491
Cake\Routing\Dispatcher::_invoke() - CORE\src\Routing\Dispatcher.php, line 109
Cake\Routing\Dispatcher::dispatch() - CORE\src\Routing\Dispatcher.php, line 87
[main] - ROOT\webroot\index.php, line 37



2016-02-05 17:31:34 Notice: Notice (8): Trying to get property of non-object in [D:\Develop\web\game-wizard\src\Template\Family\view_sprite.ctp, line 4]
Trace:
Cake\Error\BaseErrorHandler::handleError() - CORE\src\Error\BaseErrorHandler.php, line 140
include - APP/Template\Family\view_sprite.ctp, line 4
Cake\View\View::_evaluate() - CORE\src\View\View.php, line 992
Cake\View\View::_render() - CORE\src\View\View.php, line 952
Cake\View\View::render() - CORE\src\View\View.php, line 587
Cake\Controller\Controller::render() - CORE\src\Controller\Controller.php, line 611
Cake\Routing\Dispatcher::_invoke() - CORE\src\Routing\Dispatcher.php, line 120
Cake\Routing\Dispatcher::dispatch() - CORE\src\Routing\Dispatcher.php, line 87
[main] - ROOT\webroot\index.php, line 37



2016-02-06 13:55:42 Notice: Notice (8): Undefined index: family in [D:\Develop\web\game-wizard\vendor\cakephp\cakephp\src\Validation\ValidationRule.php, line 124]
Trace:
Cake\Error\BaseErrorHandler::handleError() - CORE\src\Error\BaseErrorHandler.php, line 140
Cake\Validation\ValidationRule::process() - CORE\src\Validation\ValidationRule.php, line 124
Cake\Validation\Validator::_processRules() - CORE\src\Validation\Validator.php, line 667
Cake\Validation\Validator::errors() - CORE\src\Validation\Validator.php, line 136
Cake\ORM\Marshaller::_validate() - CORE\src\ORM\Marshaller.php, line 189
Cake\ORM\Marshaller::merge() - CORE\src\ORM\Marshaller.php, line 461
Cake\ORM\Table::patchEntity() - CORE\src\ORM\Table.php, line 2049
App\Controller\FamilyController::edit() - APP/Controller\FamilyController.php, line 86
Cake\Controller\Controller::invokeAction() - CORE\src\Controller\Controller.php, line 429
Cake\Routing\Dispatcher::_invoke() - CORE\src\Routing\Dispatcher.php, line 114
Cake\Routing\Dispatcher::dispatch() - CORE\src\Routing\Dispatcher.php, line 87
[main] - ROOT\webroot\index.php, line 37



2016-02-06 13:56:07 Notice: Notice (8): Undefined index: Family in [D:\Develop\web\game-wizard\vendor\cakephp\cakephp\src\Validation\ValidationRule.php, line 124]
Trace:
Cake\Error\BaseErrorHandler::handleError() - CORE\src\Error\BaseErrorHandler.php, line 140
Cake\Validation\ValidationRule::process() - CORE\src\Validation\ValidationRule.php, line 124
Cake\Validation\Validator::_processRules() - CORE\src\Validation\Validator.php, line 667
Cake\Validation\Validator::errors() - CORE\src\Validation\Validator.php, line 136
Cake\ORM\Marshaller::_validate() - CORE\src\ORM\Marshaller.php, line 189
Cake\ORM\Marshaller::merge() - CORE\src\ORM\Marshaller.php, line 461
Cake\ORM\Table::patchEntity() - CORE\src\ORM\Table.php, line 2049
App\Controller\FamilyController::edit() - APP/Controller\FamilyController.php, line 86
Cake\Controller\Controller::invokeAction() - CORE\src\Controller\Controller.php, line 429
Cake\Routing\Dispatcher::_invoke() - CORE\src\Routing\Dispatcher.php, line 114
Cake\Routing\Dispatcher::dispatch() - CORE\src\Routing\Dispatcher.php, line 87
[main] - ROOT\webroot\index.php, line 37



2016-02-06 14:13:55 Notice: Notice (8): Undefined variable: genders in [D:\Develop\web\game-wizard\src\Template\Roledata\add.ctp, line 24]
Trace:
Cake\Error\BaseErrorHandler::handleError() - CORE\src\Error\BaseErrorHandler.php, line 140
include - APP/Template\Roledata\add.ctp, line 24
Cake\View\View::_evaluate() - CORE\src\View\View.php, line 992
Cake\View\View::_render() - CORE\src\View\View.php, line 952
Cake\View\View::render() - CORE\src\View\View.php, line 587
Cake\Controller\Controller::render() - CORE\src\Controller\Controller.php, line 611
Cake\Routing\Dispatcher::_invoke() - CORE\src\Routing\Dispatcher.php, line 120
Cake\Routing\Dispatcher::dispatch() - CORE\src\Routing\Dispatcher.php, line 87
[main] - ROOT\webroot\index.php, line 37



2016-02-06 14:13:55 Notice: Notice (8): Undefined variable: families in [D:\Develop\web\game-wizard\src\Template\Roledata\add.ctp, line 47]
Trace:
Cake\Error\BaseErrorHandler::handleError() - CORE\src\Error\BaseErrorHandler.php, line 140
include - APP/Template\Roledata\add.ctp, line 47
Cake\View\View::_evaluate() - CORE\src\View\View.php, line 992
Cake\View\View::_render() - CORE\src\View\View.php, line 952
Cake\View\View::render() - CORE\src\View\View.php, line 587
Cake\Controller\Controller::render() - CORE\src\Controller\Controller.php, line 611
Cake\Routing\Dispatcher::_invoke() - CORE\src\Routing\Dispatcher.php, line 120
Cake\Routing\Dispatcher::dispatch() - CORE\src\Routing\Dispatcher.php, line 87
[main] - ROOT\webroot\index.php, line 37



2016-02-06 14:13:55 Notice: Notice (8): Undefined variable: guilds in [D:\Develop\web\game-wizard\src\Template\Roledata\add.ctp, line 48]
Trace:
Cake\Error\BaseErrorHandler::handleError() - CORE\src\Error\BaseErrorHandler.php, line 140
include - APP/Template\Roledata\add.ctp, line 48
Cake\View\View::_evaluate() - CORE\src\View\View.php, line 992
Cake\View\View::_render() - CORE\src\View\View.php, line 952
Cake\View\View::render() - CORE\src\View\View.php, line 587
Cake\Controller\Controller::render() - CORE\src\Controller\Controller.php, line 611
Cake\Routing\Dispatcher::_invoke() - CORE\src\Routing\Dispatcher.php, line 120
Cake\Routing\Dispatcher::dispatch() - CORE\src\Routing\Dispatcher.php, line 87
[main] - ROOT\webroot\index.php, line 37



2016-02-06 14:20:03 Notice: Notice (8): Trying to get property of non-object in [D:\Develop\web\game-wizard\src\Controller\RoledataController.php, line 63]
Trace:
Cake\Error\BaseErrorHandler::handleError() - CORE\src\Error\BaseErrorHandler.php, line 140
App\Controller\RoledataController::add() - APP/Controller\RoledataController.php, line 63
Cake\Controller\Controller::invokeAction() - CORE\src\Controller\Controller.php, line 429
Cake\Routing\Dispatcher::_invoke() - CORE\src\Routing\Dispatcher.php, line 114
Cake\Routing\Dispatcher::dispatch() - CORE\src\Routing\Dispatcher.php, line 87
[main] - ROOT\webroot\index.php, line 37



2016-02-06 14:20:06 Notice: Notice (8): Trying to get property of non-object in [D:\Develop\web\game-wizard\src\Controller\RoledataController.php, line 63]
Trace:
Cake\Error\BaseErrorHandler::handleError() - CORE\src\Error\BaseErrorHandler.php, line 140
App\Controller\RoledataController::add() - APP/Controller\RoledataController.php, line 63
Cake\Controller\Controller::invokeAction() - CORE\src\Controller\Controller.php, line 429
Cake\Routing\Dispatcher::_invoke() - CORE\src\Routing\Dispatcher.php, line 114
Cake\Routing\Dispatcher::dispatch() - CORE\src\Routing\Dispatcher.php, line 87
[main] - ROOT\webroot\index.php, line 37



2016-02-06 20:05:55 Notice: Notice (8): Undefined index: id in [D:\Develop\web\game-wizard\src\Controller\AppController.php, line 120]
Trace:
Cake\Error\BaseErrorHandler::handleError() - CORE\src\Error\BaseErrorHandler.php, line 140
App\Controller\AppController::translateUrl() - APP/Controller\AppController.php, line 120
App\Controller\AppController::beforeFilter() - APP/Controller\AppController.php, line 77
Cake\Event\EventManager::_callListener() - CORE\src\Event\EventManager.php, line 385
Cake\Event\EventManager::dispatch() - CORE\src\Event\EventManager.php, line 355
Cake\Controller\Controller::dispatchEvent() - CORE\src\Event\EventDispatcherTrait.php, line 78
Cake\Controller\Controller::startupProcess() - CORE\src\Controller\Controller.php, line 491
Cake\Routing\Dispatcher::_invoke() - CORE\src\Routing\Dispatcher.php, line 109
Cake\Routing\Dispatcher::dispatch() - CORE\src\Routing\Dispatcher.php, line 87
[main] - ROOT\webroot\index.php, line 37



2016-02-07 14:58:00 Notice: Notice (8): Undefined index: id in [D:\Develop\web\game-wizard\src\Controller\AppController.php, line 120]
Trace:
Cake\Error\BaseErrorHandler::handleError() - CORE\src\Error\BaseErrorHandler.php, line 140
App\Controller\AppController::translateUrl() - APP/Controller\AppController.php, line 120
App\Controller\AppController::beforeFilter() - APP/Controller\AppController.php, line 77
Cake\Event\EventManager::_callListener() - CORE\src\Event\EventManager.php, line 385
Cake\Event\EventManager::dispatch() - CORE\src\Event\EventManager.php, line 355
Cake\Controller\Controller::dispatchEvent() - CORE\src\Event\EventDispatcherTrait.php, line 78
Cake\Controller\Controller::startupProcess() - CORE\src\Controller\Controller.php, line 491
Cake\Routing\Dispatcher::_invoke() - CORE\src\Routing\Dispatcher.php, line 109
Cake\Routing\Dispatcher::dispatch() - CORE\src\Routing\Dispatcher.php, line 87
[main] - ROOT\webroot\index.php, line 37



2016-02-07 15:37:32 Notice: Notice (8): Undefined index: id in [D:\Develop\web\game-wizard\src\Controller\AppController.php, line 120]
Trace:
Cake\Error\BaseErrorHandler::handleError() - CORE\src\Error\BaseErrorHandler.php, line 140
App\Controller\AppController::translateUrl() - APP/Controller\AppController.php, line 120
App\Controller\AppController::beforeFilter() - APP/Controller\AppController.php, line 77
Cake\Event\EventManager::_callListener() - CORE\src\Event\EventManager.php, line 385
Cake\Event\EventManager::dispatch() - CORE\src\Event\EventManager.php, line 355
Cake\Controller\Controller::dispatchEvent() - CORE\src\Event\EventDispatcherTrait.php, line 78
Cake\Controller\Controller::startupProcess() - CORE\src\Controller\Controller.php, line 491
Cake\Routing\Dispatcher::_invoke() - CORE\src\Routing\Dispatcher.php, line 109
Cake\Routing\Dispatcher::dispatch() - CORE\src\Routing\Dispatcher.php, line 87
[main] - ROOT\webroot\index.php, line 37



2016-02-07 17:34:54 Notice: Notice (8): Undefined variable: accountName in [D:\Develop\web\game-wizard\src\Template\AccountCommon\edit.ctp, line 19]
Trace:
Cake\Error\BaseErrorHandler::handleError() - CORE\src\Error\BaseErrorHandler.php, line 140
include - APP/Template\AccountCommon\edit.ctp, line 19
Cake\View\View::_evaluate() - CORE\src\View\View.php, line 992
Cake\View\View::_render() - CORE\src\View\View.php, line 952
Cake\View\View::render() - CORE\src\View\View.php, line 587
Cake\Controller\Controller::render() - CORE\src\Controller\Controller.php, line 611
Cake\Routing\Dispatcher::_invoke() - CORE\src\Routing\Dispatcher.php, line 120
Cake\Routing\Dispatcher::dispatch() - CORE\src\Routing\Dispatcher.php, line 87
[main] - ROOT\webroot\index.php, line 37



2016-02-07 17:35:01 Notice: Notice (8): Undefined variable: accountName in [D:\Develop\web\game-wizard\src\Template\AccountCommon\edit.ctp, line 19]
Trace:
Cake\Error\BaseErrorHandler::handleError() - CORE\src\Error\BaseErrorHandler.php, line 140
include - APP/Template\AccountCommon\edit.ctp, line 19
Cake\View\View::_evaluate() - CORE\src\View\View.php, line 992
Cake\View\View::_render() - CORE\src\View\View.php, line 952
Cake\View\View::render() - CORE\src\View\View.php, line 587
Cake\Controller\Controller::render() - CORE\src\Controller\Controller.php, line 611
Cake\Routing\Dispatcher::_invoke() - CORE\src\Routing\Dispatcher.php, line 120
Cake\Routing\Dispatcher::dispatch() - CORE\src\Routing\Dispatcher.php, line 87
[main] - ROOT\webroot\index.php, line 37



2016-02-07 17:49:59 Notice: Notice (8): Undefined variable: roledata in [D:\Develop\web\game-wizard\src\Template\AccountCommon\edit.ctp, line 19]
Trace:
Cake\Error\BaseErrorHandler::handleError() - CORE\src\Error\BaseErrorHandler.php, line 140
include - APP/Template\AccountCommon\edit.ctp, line 19
Cake\View\View::_evaluate() - CORE\src\View\View.php, line 992
Cake\View\View::_render() - CORE\src\View\View.php, line 952
Cake\View\View::render() - CORE\src\View\View.php, line 587
Cake\Controller\Controller::render() - CORE\src\Controller\Controller.php, line 611
Cake\Routing\Dispatcher::_invoke() - CORE\src\Routing\Dispatcher.php, line 120
Cake\Routing\Dispatcher::dispatch() - CORE\src\Routing\Dispatcher.php, line 87
[main] - ROOT\webroot\index.php, line 37



2016-02-07 17:49:59 Notice: Notice (8): Trying to get property of non-object in [D:\Develop\web\game-wizard\src\Template\AccountCommon\edit.ctp, line 19]
Trace:
Cake\Error\BaseErrorHandler::handleError() - CORE\src\Error\BaseErrorHandler.php, line 140
include - APP/Template\AccountCommon\edit.ctp, line 19
Cake\View\View::_evaluate() - CORE\src\View\View.php, line 992
Cake\View\View::_render() - CORE\src\View\View.php, line 952
Cake\View\View::render() - CORE\src\View\View.php, line 587
Cake\Controller\Controller::render() - CORE\src\Controller\Controller.php, line 611
Cake\Routing\Dispatcher::_invoke() - CORE\src\Routing\Dispatcher.php, line 120
Cake\Routing\Dispatcher::dispatch() - CORE\src\Routing\Dispatcher.php, line 87
[main] - ROOT\webroot\index.php, line 37



2016-02-20 12:10:11 Notice: Notice (8): Undefined index: search in [D:\Develop\web\game-wizard\src\Controller\HomeController.php, line 20]
Trace:
Cake\Error\BaseErrorHandler::handleError() - CORE\src\Error\BaseErrorHandler.php, line 140
App\Controller\HomeController::search() - APP/Controller\HomeController.php, line 20
Cake\Controller\Controller::invokeAction() - CORE\src\Controller\Controller.php, line 429
Cake\Routing\Dispatcher::_invoke() - CORE\src\Routing\Dispatcher.php, line 114
Cake\Routing\Dispatcher::dispatch() - CORE\src\Routing\Dispatcher.php, line 87
[main] - ROOT\webroot\index.php, line 37



2016-02-20 12:10:57 Notice: Notice (8): Undefined index: search in [D:\Develop\web\game-wizard\src\Controller\HomeController.php, line 20]
Trace:
Cake\Error\BaseErrorHandler::handleError() - CORE\src\Error\BaseErrorHandler.php, line 140
App\Controller\HomeController::search() - APP/Controller\HomeController.php, line 20
Cake\Controller\Controller::invokeAction() - CORE\src\Controller\Controller.php, line 429
Cake\Routing\Dispatcher::_invoke() - CORE\src\Routing\Dispatcher.php, line 114
Cake\Routing\Dispatcher::dispatch() - CORE\src\Routing\Dispatcher.php, line 87
[main] - ROOT\webroot\index.php, line 37



2016-02-20 12:11:44 Notice: Notice (8): Undefined index: search in [D:\Develop\web\game-wizard\src\Controller\HomeController.php, line 20]
Trace:
Cake\Error\BaseErrorHandler::handleError() - CORE\src\Error\BaseErrorHandler.php, line 140
App\Controller\HomeController::search() - APP/Controller\HomeController.php, line 20
Cake\Controller\Controller::invokeAction() - CORE\src\Controller\Controller.php, line 429
Cake\Routing\Dispatcher::_invoke() - CORE\src\Routing\Dispatcher.php, line 114
Cake\Routing\Dispatcher::dispatch() - CORE\src\Routing\Dispatcher.php, line 87
[main] - ROOT\webroot\index.php, line 37



2016-02-20 12:14:28 Notice: Notice (8): Undefined index: search in [D:\Develop\web\game-wizard\src\Controller\HomeController.php, line 20]
Trace:
Cake\Error\BaseErrorHandler::handleError() - CORE\src\Error\BaseErrorHandler.php, line 140
App\Controller\HomeController::search() - APP/Controller\HomeController.php, line 20
Cake\Controller\Controller::invokeAction() - CORE\src\Controller\Controller.php, line 429
Cake\Routing\Dispatcher::_invoke() - CORE\src\Routing\Dispatcher.php, line 114
Cake\Routing\Dispatcher::dispatch() - CORE\src\Routing\Dispatcher.php, line 87
[main] - ROOT\webroot\index.php, line 37



2016-02-20 18:21:18 Notice: Notice (8): Undefined index: serial in [D:\Develop\web\game-wizard\src\Controller\RoledataController.php, line 264]
Trace:
Cake\Error\BaseErrorHandler::handleError() - CORE\src\Error\BaseErrorHandler.php, line 140
App\Controller\RoledataController::edit_equipment() - APP/Controller\RoledataController.php, line 264
Cake\Controller\Controller::invokeAction() - CORE\src\Controller\Controller.php, line 429
Cake\Routing\Dispatcher::_invoke() - CORE\src\Routing\Dispatcher.php, line 114
Cake\Routing\Dispatcher::dispatch() - CORE\src\Routing\Dispatcher.php, line 87
[main] - ROOT\webroot\index.php, line 37



2016-02-20 18:27:31 Notice: Notice (8): Trying to get property of non-object in [D:\Develop\web\game-wizard\src\Template\Roledata\view.ctp, line 3]
Trace:
Cake\Error\BaseErrorHandler::handleError() - CORE\src\Error\BaseErrorHandler.php, line 140
include - APP/Template\Roledata\view.ctp, line 3
Cake\View\View::_evaluate() - CORE\src\View\View.php, line 992
Cake\View\View::_render() - CORE\src\View\View.php, line 952
Cake\View\View::render() - CORE\src\View\View.php, line 587
Cake\Controller\Controller::render() - CORE\src\Controller\Controller.php, line 611
Cake\Routing\Dispatcher::_invoke() - CORE\src\Routing\Dispatcher.php, line 120
Cake\Routing\Dispatcher::dispatch() - CORE\src\Routing\Dispatcher.php, line 87
[main] - ROOT\webroot\index.php, line 37



2016-02-20 18:27:59 Notice: Notice (8): Trying to get property of non-object in [D:\Develop\web\game-wizard\src\Template\Roledata\view.ctp, line 3]
Trace:
Cake\Error\BaseErrorHandler::handleError() - CORE\src\Error\BaseErrorHandler.php, line 140
include - APP/Template\Roledata\view.ctp, line 3
Cake\View\View::_evaluate() - CORE\src\View\View.php, line 992
Cake\View\View::_render() - CORE\src\View\View.php, line 952
Cake\View\View::render() - CORE\src\View\View.php, line 587
Cake\Controller\Controller::render() - CORE\src\Controller\Controller.php, line 611
Cake\Routing\Dispatcher::_invoke() - CORE\src\Routing\Dispatcher.php, line 120
Cake\Routing\Dispatcher::dispatch() - CORE\src\Routing\Dispatcher.php, line 87
[main] - ROOT\webroot\index.php, line 37



2016-02-27 17:38:58 Notice: Notice (8): Use of undefined constant data - assumed 'data' in [D:\Develop\web\game-wizard\src\Template\Layout\default.ctp, line 118]
Trace:
Cake\Error\BaseErrorHandler::handleError() - CORE\src\Error\BaseErrorHandler.php, line 140
include - APP/Template\Layout\default.ctp, line 118
Cake\View\View::_evaluate() - CORE\src\View\View.php, line 992
Cake\View\View::_render() - CORE\src\View\View.php, line 952
Cake\View\View::renderLayout() - CORE\src\View\View.php, line 633
Cake\View\View::render() - CORE\src\View\View.php, line 592
Cake\Controller\Controller::render() - CORE\src\Controller\Controller.php, line 611
Cake\Routing\Dispatcher::_invoke() - CORE\src\Routing\Dispatcher.php, line 120
Cake\Routing\Dispatcher::dispatch() - CORE\src\Routing\Dispatcher.php, line 87
[main] - ROOT\webroot\index.php, line 37



2016-02-27 17:38:58 Notice: Notice (8): Use of undefined constant target - assumed 'target' in [D:\Develop\web\game-wizard\src\Template\Layout\default.ctp, line 118]
Trace:
Cake\Error\BaseErrorHandler::handleError() - CORE\src\Error\BaseErrorHandler.php, line 140
include - APP/Template\Layout\default.ctp, line 118
Cake\View\View::_evaluate() - CORE\src\View\View.php, line 992
Cake\View\View::_render() - CORE\src\View\View.php, line 952
Cake\View\View::renderLayout() - CORE\src\View\View.php, line 633
Cake\View\View::render() - CORE\src\View\View.php, line 592
Cake\Controller\Controller::render() - CORE\src\Controller\Controller.php, line 611
Cake\Routing\Dispatcher::_invoke() - CORE\src\Routing\Dispatcher.php, line 120
Cake\Routing\Dispatcher::dispatch() - CORE\src\Routing\Dispatcher.php, line 87
[main] - ROOT\webroot\index.php, line 37



2016-02-27 18:52:41 Notice: Notice (8): Undefined variable: id in [D:\Develop\web\game-wizard\src\Template\Family\edit_sprite.ctp, line 9]
Trace:
Cake\Error\BaseErrorHandler::handleError() - CORE\src\Error\BaseErrorHandler.php, line 140
include - APP/Template\Family\edit_sprite.ctp, line 9
Cake\View\View::_evaluate() - CORE\src\View\View.php, line 992
Cake\View\View::_render() - CORE\src\View\View.php, line 952
Cake\View\View::render() - CORE\src\View\View.php, line 587
Cake\Controller\Controller::render() - CORE\src\Controller\Controller.php, line 611
Cake\Routing\Dispatcher::_invoke() - CORE\src\Routing\Dispatcher.php, line 120
Cake\Routing\Dispatcher::dispatch() - CORE\src\Routing\Dispatcher.php, line 87
[main] - ROOT\webroot\index.php, line 37



2016-03-20 08:18:02 Notice: Notice (8): Undefined variable: lang in [D:\Develop\web\game-wizard\src\Template\Layout\default.ctp, line 71]
Trace:
Cake\Error\BaseErrorHandler::handleError() - CORE\src\Error\BaseErrorHandler.php, line 140
include - APP/Template\Layout\default.ctp, line 71
Cake\View\View::_evaluate() - CORE\src\View\View.php, line 992
Cake\View\View::_render() - CORE\src\View\View.php, line 952
Cake\View\View::renderLayout() - CORE\src\View\View.php, line 633
Cake\View\View::render() - CORE\src\View\View.php, line 592
Cake\Controller\Controller::render() - CORE\src\Controller\Controller.php, line 611
Cake\Error\ExceptionRenderer::_outputMessage() - CORE\src\Error\ExceptionRenderer.php, line 322
Cake\Error\ExceptionRenderer::render() - CORE\src\Error\ExceptionRenderer.php, line 194
Cake\Error\ErrorHandler::_displayException() - CORE\src\Error\ErrorHandler.php, line 144
Cake\Error\BaseErrorHandler::handleException() - CORE\src\Error\BaseErrorHandler.php, line 173
Cake\Error\BaseErrorHandler::wrapAndHandleException() - CORE\src\Error\BaseErrorHandler.php, line 157
[main] - [internal], line ??



2016-03-20 08:18:03 Notice: Notice (8): Undefined variable: is_authorized in [D:\Develop\web\game-wizard\src\Template\Layout\default.ctp, line 77]
Trace:
Cake\Error\BaseErrorHandler::handleError() - CORE\src\Error\BaseErrorHandler.php, line 140
include - APP/Template\Layout\default.ctp, line 77
Cake\View\View::_evaluate() - CORE\src\View\View.php, line 992
Cake\View\View::_render() - CORE\src\View\View.php, line 952
Cake\View\View::renderLayout() - CORE\src\View\View.php, line 633
Cake\View\View::render() - CORE\src\View\View.php, line 592
Cake\Controller\Controller::render() - CORE\src\Controller\Controller.php, line 611
Cake\Error\ExceptionRenderer::_outputMessage() - CORE\src\Error\ExceptionRenderer.php, line 322
Cake\Error\ExceptionRenderer::render() - CORE\src\Error\ExceptionRenderer.php, line 194
Cake\Error\ErrorHandler::_displayException() - CORE\src\Error\ErrorHandler.php, line 144
Cake\Error\BaseErrorHandler::handleException() - CORE\src\Error\BaseErrorHandler.php, line 173
Cake\Error\BaseErrorHandler::wrapAndHandleException() - CORE\src\Error\BaseErrorHandler.php, line 157
[main] - [internal], line ??



2016-03-20 08:18:03 Notice: Notice (8): Undefined variable: lang in [D:\Develop\web\game-wizard\src\Template\Layout\default.ctp, line 117]
Trace:
Cake\Error\BaseErrorHandler::handleError() - CORE\src\Error\BaseErrorHandler.php, line 140
include - APP/Template\Layout\default.ctp, line 117
Cake\View\View::_evaluate() - CORE\src\View\View.php, line 992
Cake\View\View::_render() - CORE\src\View\View.php, line 952
Cake\View\View::renderLayout() - CORE\src\View\View.php, line 633
Cake\View\View::render() - CORE\src\View\View.php, line 592
Cake\Controller\Controller::render() - CORE\src\Controller\Controller.php, line 611
Cake\Error\ExceptionRenderer::_outputMessage() - CORE\src\Error\ExceptionRenderer.php, line 322
Cake\Error\ExceptionRenderer::render() - CORE\src\Error\ExceptionRenderer.php, line 194
Cake\Error\ErrorHandler::_displayException() - CORE\src\Error\ErrorHandler.php, line 144
Cake\Error\BaseErrorHandler::handleException() - CORE\src\Error\BaseErrorHandler.php, line 173
Cake\Error\BaseErrorHandler::wrapAndHandleException() - CORE\src\Error\BaseErrorHandler.php, line 157
[main] - [internal], line ??



2016-03-20 08:18:03 Notice: Notice (8): Undefined variable: lang in [D:\Develop\web\game-wizard\src\Template\Layout\default.ctp, line 137]
Trace:
Cake\Error\BaseErrorHandler::handleError() - CORE\src\Error\BaseErrorHandler.php, line 140
include - APP/Template\Layout\default.ctp, line 137
Cake\View\View::_evaluate() - CORE\src\View\View.php, line 992
Cake\View\View::_render() - CORE\src\View\View.php, line 952
Cake\View\View::renderLayout() - CORE\src\View\View.php, line 633
Cake\View\View::render() - CORE\src\View\View.php, line 592
Cake\Controller\Controller::render() - CORE\src\Controller\Controller.php, line 611
Cake\Error\ExceptionRenderer::_outputMessage() - CORE\src\Error\ExceptionRenderer.php, line 322
Cake\Error\ExceptionRenderer::render() - CORE\src\Error\ExceptionRenderer.php, line 194
Cake\Error\ErrorHandler::_displayException() - CORE\src\Error\ErrorHandler.php, line 144
Cake\Error\BaseErrorHandler::handleException() - CORE\src\Error\BaseErrorHandler.php, line 173
Cake\Error\BaseErrorHandler::wrapAndHandleException() - CORE\src\Error\BaseErrorHandler.php, line 157
[main] - [internal], line ??



2016-03-20 08:18:03 Notice: Notice (8): Undefined variable: lang in [D:\Develop\web\game-wizard\src\Template\Layout\default.ctp, line 144]
Trace:
Cake\Error\BaseErrorHandler::handleError() - CORE\src\Error\BaseErrorHandler.php, line 140
include - APP/Template\Layout\default.ctp, line 144
Cake\View\View::_evaluate() - CORE\src\View\View.php, line 992
Cake\View\View::_render() - CORE\src\View\View.php, line 952
Cake\View\View::renderLayout() - CORE\src\View\View.php, line 633
Cake\View\View::render() - CORE\src\View\View.php, line 592
Cake\Controller\Controller::render() - CORE\src\Controller\Controller.php, line 611
Cake\Error\ExceptionRenderer::_outputMessage() - CORE\src\Error\ExceptionRenderer.php, line 322
Cake\Error\ExceptionRenderer::render() - CORE\src\Error\ExceptionRenderer.php, line 194
Cake\Error\ErrorHandler::_displayException() - CORE\src\Error\ErrorHandler.php, line 144
Cake\Error\BaseErrorHandler::handleException() - CORE\src\Error\BaseErrorHandler.php, line 173
Cake\Error\BaseErrorHandler::wrapAndHandleException() - CORE\src\Error\BaseErrorHandler.php, line 157
[main] - [internal], line ??



2016-03-20 08:18:03 Notice: Notice (8): Undefined variable: controller in [D:\Develop\web\game-wizard\src\Template\Layout\default.ctp, line 173]
Trace:
Cake\Error\BaseErrorHandler::handleError() - CORE\src\Error\BaseErrorHandler.php, line 140
include - APP/Template\Layout\default.ctp, line 173
Cake\View\View::_evaluate() - CORE\src\View\View.php, line 992
Cake\View\View::_render() - CORE\src\View\View.php, line 952
Cake\View\View::renderLayout() - CORE\src\View\View.php, line 633
Cake\View\View::render() - CORE\src\View\View.php, line 592
Cake\Controller\Controller::render() - CORE\src\Controller\Controller.php, line 611
Cake\Error\ExceptionRenderer::_outputMessage() - CORE\src\Error\ExceptionRenderer.php, line 322
Cake\Error\ExceptionRenderer::render() - CORE\src\Error\ExceptionRenderer.php, line 194
Cake\Error\ErrorHandler::_displayException() - CORE\src\Error\ErrorHandler.php, line 144
Cake\Error\BaseErrorHandler::handleException() - CORE\src\Error\BaseErrorHandler.php, line 173
Cake\Error\BaseErrorHandler::wrapAndHandleException() - CORE\src\Error\BaseErrorHandler.php, line 157
[main] - [internal], line ??



2016-03-20 08:23:40 Notice: Notice (8): Undefined variable: lang in [D:\Develop\web\game-wizard\src\Template\Layout\default.ctp, line 71]
Trace:
Cake\Error\BaseErrorHandler::handleError() - CORE\src\Error\BaseErrorHandler.php, line 140
include - APP/Template\Layout\default.ctp, line 71
Cake\View\View::_evaluate() - CORE\src\View\View.php, line 992
Cake\View\View::_render() - CORE\src\View\View.php, line 952
Cake\View\View::renderLayout() - CORE\src\View\View.php, line 633
Cake\View\View::render() - CORE\src\View\View.php, line 592
Cake\Controller\Controller::render() - CORE\src\Controller\Controller.php, line 611
Cake\Error\ExceptionRenderer::_outputMessage() - CORE\src\Error\ExceptionRenderer.php, line 322
Cake\Error\ExceptionRenderer::render() - CORE\src\Error\ExceptionRenderer.php, line 194
Cake\Error\ErrorHandler::_displayException() - CORE\src\Error\ErrorHandler.php, line 144
Cake\Error\BaseErrorHandler::handleException() - CORE\src\Error\BaseErrorHandler.php, line 173
Cake\Error\BaseErrorHandler::wrapAndHandleException() - CORE\src\Error\BaseErrorHandler.php, line 157
[main] - [internal], line ??



2016-03-20 08:23:40 Notice: Notice (8): Undefined variable: is_authorized in [D:\Develop\web\game-wizard\src\Template\Layout\default.ctp, line 77]
Trace:
Cake\Error\BaseErrorHandler::handleError() - CORE\src\Error\BaseErrorHandler.php, line 140
include - APP/Template\Layout\default.ctp, line 77
Cake\View\View::_evaluate() - CORE\src\View\View.php, line 992
Cake\View\View::_render() - CORE\src\View\View.php, line 952
Cake\View\View::renderLayout() - CORE\src\View\View.php, line 633
Cake\View\View::render() - CORE\src\View\View.php, line 592
Cake\Controller\Controller::render() - CORE\src\Controller\Controller.php, line 611
Cake\Error\ExceptionRenderer::_outputMessage() - CORE\src\Error\ExceptionRenderer.php, line 322
Cake\Error\ExceptionRenderer::render() - CORE\src\Error\ExceptionRenderer.php, line 194
Cake\Error\ErrorHandler::_displayException() - CORE\src\Error\ErrorHandler.php, line 144
Cake\Error\BaseErrorHandler::handleException() - CORE\src\Error\BaseErrorHandler.php, line 173
Cake\Error\BaseErrorHandler::wrapAndHandleException() - CORE\src\Error\BaseErrorHandler.php, line 157
[main] - [internal], line ??



2016-03-20 08:23:40 Notice: Notice (8): Undefined variable: lang in [D:\Develop\web\game-wizard\src\Template\Layout\default.ctp, line 117]
Trace:
Cake\Error\BaseErrorHandler::handleError() - CORE\src\Error\BaseErrorHandler.php, line 140
include - APP/Template\Layout\default.ctp, line 117
Cake\View\View::_evaluate() - CORE\src\View\View.php, line 992
Cake\View\View::_render() - CORE\src\View\View.php, line 952
Cake\View\View::renderLayout() - CORE\src\View\View.php, line 633
Cake\View\View::render() - CORE\src\View\View.php, line 592
Cake\Controller\Controller::render() - CORE\src\Controller\Controller.php, line 611
Cake\Error\ExceptionRenderer::_outputMessage() - CORE\src\Error\ExceptionRenderer.php, line 322
Cake\Error\ExceptionRenderer::render() - CORE\src\Error\ExceptionRenderer.php, line 194
Cake\Error\ErrorHandler::_displayException() - CORE\src\Error\ErrorHandler.php, line 144
Cake\Error\BaseErrorHandler::handleException() - CORE\src\Error\BaseErrorHandler.php, line 173
Cake\Error\BaseErrorHandler::wrapAndHandleException() - CORE\src\Error\BaseErrorHandler.php, line 157
[main] - [internal], line ??



2016-03-20 08:23:40 Notice: Notice (8): Undefined variable: lang in [D:\Develop\web\game-wizard\src\Template\Layout\default.ctp, line 137]
Trace:
Cake\Error\BaseErrorHandler::handleError() - CORE\src\Error\BaseErrorHandler.php, line 140
include - APP/Template\Layout\default.ctp, line 137
Cake\View\View::_evaluate() - CORE\src\View\View.php, line 992
Cake\View\View::_render() - CORE\src\View\View.php, line 952
Cake\View\View::renderLayout() - CORE\src\View\View.php, line 633
Cake\View\View::render() - CORE\src\View\View.php, line 592
Cake\Controller\Controller::render() - CORE\src\Controller\Controller.php, line 611
Cake\Error\ExceptionRenderer::_outputMessage() - CORE\src\Error\ExceptionRenderer.php, line 322
Cake\Error\ExceptionRenderer::render() - CORE\src\Error\ExceptionRenderer.php, line 194
Cake\Error\ErrorHandler::_displayException() - CORE\src\Error\ErrorHandler.php, line 144
Cake\Error\BaseErrorHandler::handleException() - CORE\src\Error\BaseErrorHandler.php, line 173
Cake\Error\BaseErrorHandler::wrapAndHandleException() - CORE\src\Error\BaseErrorHandler.php, line 157
[main] - [internal], line ??



2016-03-20 08:23:40 Notice: Notice (8): Undefined variable: lang in [D:\Develop\web\game-wizard\src\Template\Layout\default.ctp, line 144]
Trace:
Cake\Error\BaseErrorHandler::handleError() - CORE\src\Error\BaseErrorHandler.php, line 140
include - APP/Template\Layout\default.ctp, line 144
Cake\View\View::_evaluate() - CORE\src\View\View.php, line 992
Cake\View\View::_render() - CORE\src\View\View.php, line 952
Cake\View\View::renderLayout() - CORE\src\View\View.php, line 633
Cake\View\View::render() - CORE\src\View\View.php, line 592
Cake\Controller\Controller::render() - CORE\src\Controller\Controller.php, line 611
Cake\Error\ExceptionRenderer::_outputMessage() - CORE\src\Error\ExceptionRenderer.php, line 322
Cake\Error\ExceptionRenderer::render() - CORE\src\Error\ExceptionRenderer.php, line 194
Cake\Error\ErrorHandler::_displayException() - CORE\src\Error\ErrorHandler.php, line 144
Cake\Error\BaseErrorHandler::handleException() - CORE\src\Error\BaseErrorHandler.php, line 173
Cake\Error\BaseErrorHandler::wrapAndHandleException() - CORE\src\Error\BaseErrorHandler.php, line 157
[main] - [internal], line ??



2016-03-20 08:23:40 Notice: Notice (8): Undefined variable: controller in [D:\Develop\web\game-wizard\src\Template\Layout\default.ctp, line 173]
Trace:
Cake\Error\BaseErrorHandler::handleError() - CORE\src\Error\BaseErrorHandler.php, line 140
include - APP/Template\Layout\default.ctp, line 173
Cake\View\View::_evaluate() - CORE\src\View\View.php, line 992
Cake\View\View::_render() - CORE\src\View\View.php, line 952
Cake\View\View::renderLayout() - CORE\src\View\View.php, line 633
Cake\View\View::render() - CORE\src\View\View.php, line 592
Cake\Controller\Controller::render() - CORE\src\Controller\Controller.php, line 611
Cake\Error\ExceptionRenderer::_outputMessage() - CORE\src\Error\ExceptionRenderer.php, line 322
Cake\Error\ExceptionRenderer::render() - CORE\src\Error\ExceptionRenderer.php, line 194
Cake\Error\ErrorHandler::_displayException() - CORE\src\Error\ErrorHandler.php, line 144
Cake\Error\BaseErrorHandler::handleException() - CORE\src\Error\BaseErrorHandler.php, line 173
Cake\Error\BaseErrorHandler::wrapAndHandleException() - CORE\src\Error\BaseErrorHandler.php, line 157
[main] - [internal], line ??



2016-03-20 10:14:48 Notice: Notice (8): Undefined index: action in [D:\Develop\web\game-wizard\src\Controller\FamilyController.php, line 97]
Trace:
Cake\Error\BaseErrorHandler::handleError() - CORE\src\Error\BaseErrorHandler.php, line 140
App\Controller\FamilyController::edit() - APP/Controller\FamilyController.php, line 97
Cake\Controller\Controller::invokeAction() - CORE\src\Controller\Controller.php, line 429
Cake\Routing\Dispatcher::_invoke() - CORE\src\Routing\Dispatcher.php, line 114
Cake\Routing\Dispatcher::dispatch() - CORE\src\Routing\Dispatcher.php, line 87
[main] - ROOT\webroot\index.php, line 37



2016-03-20 10:16:26 Notice: Notice (8): Undefined index: action in [D:\Develop\web\game-wizard\src\Controller\FamilyController.php, line 97]
Trace:
Cake\Error\BaseErrorHandler::handleError() - CORE\src\Error\BaseErrorHandler.php, line 140
App\Controller\FamilyController::edit() - APP/Controller\FamilyController.php, line 97
Cake\Controller\Controller::invokeAction() - CORE\src\Controller\Controller.php, line 429
Cake\Routing\Dispatcher::_invoke() - CORE\src\Routing\Dispatcher.php, line 114
Cake\Routing\Dispatcher::dispatch() - CORE\src\Routing\Dispatcher.php, line 87
[main] - ROOT\webroot\index.php, line 37



2016-03-20 10:16:43 Notice: Notice (8): Undefined index: action in [D:\Develop\web\game-wizard\src\Controller\FamilyController.php, line 97]
Trace:
Cake\Error\BaseErrorHandler::handleError() - CORE\src\Error\BaseErrorHandler.php, line 140
App\Controller\FamilyController::edit() - APP/Controller\FamilyController.php, line 97
Cake\Controller\Controller::invokeAction() - CORE\src\Controller\Controller.php, line 429
Cake\Routing\Dispatcher::_invoke() - CORE\src\Routing\Dispatcher.php, line 114
Cake\Routing\Dispatcher::dispatch() - CORE\src\Routing\Dispatcher.php, line 87
[main] - ROOT\webroot\index.php, line 37



